[35m[1mScanning dependencies of target trajectory_msgs_generate_messages_nodejs[0m
[35m[1mScanning dependencies of target tf2_msgs_generate_messages_cpp[0m
[35m[1mScanning dependencies of target tf_generate_messages_cpp[0m
[35m[1mScanning dependencies of target tf2_msgs_generate_messages_py[0m
[35m[1mScanning dependencies of target tf_generate_messages_nodejs[0m
[35m[1mScanning dependencies of target octomap_msgs_generate_messages_py[0m
[35m[1mScanning dependencies of target actionlib_generate_messages_eus[0m
[35m[1mScanning dependencies of target actionlib_generate_messages_py[0m
[  0%] Built target tf2_msgs_generate_messages_py
[  0%] Built target trajectory_msgs_generate_messages_nodejs
[  0%] Built target tf_generate_messages_nodejs
[  0%] Built target tf2_msgs_generate_messages_cpp
[  0%] Built target actionlib_generate_messages_py
[  0%] Built target actionlib_generate_messages_eus
[  0%] Built target tf_generate_messages_cpp
[  0%] Built target octomap_msgs_generate_messages_py
[35m[1mScanning dependencies of target tf_generate_messages_lisp[0m
[35m[1mScanning dependencies of target mav_msgs_generate_messages_lisp[0m
[35m[1mScanning dependencies of target actionlib_msgs_generate_messages_lisp[0m
[35m[1mScanning dependencies of target actionlib_msgs_generate_messages_py[0m
[35m[1mScanning dependencies of target mav_msgs_generate_messages_cpp[0m
[35m[1mScanning dependencies of target nav_msgs_generate_messages_py[0m
[35m[1mScanning dependencies of target nav_msgs_generate_messages_lisp[0m
[  0%] Built target tf_generate_messages_lisp
[35m[1mScanning dependencies of target nav_msgs_generate_messages_eus[0m
[  0%] Built target mav_msgs_generate_messages_lisp
[  0%] Built target actionlib_msgs_generate_messages_py
[  0%] Built target actionlib_msgs_generate_messages_lisp
[  0%] Built target mav_msgs_generate_messages_cpp
[  0%] Built target nav_msgs_generate_messages_lisp
[  0%] Built target nav_msgs_generate_messages_py
[  0%] Built target nav_msgs_generate_messages_eus
[35m[1mScanning dependencies of target tf2_msgs_generate_messages_eus[0m
[35m[1mScanning dependencies of target bond_generate_messages_nodejs[0m
[35m[1mScanning dependencies of target trajectory_msgs_generate_messages_lisp[0m
[35m[1mScanning dependencies of target actionlib_msgs_generate_messages_eus[0m
[35m[1mScanning dependencies of target tf_generate_messages_eus[0m
[35m[1mScanning dependencies of target roscpp_generate_messages_eus[0m
[35m[1mScanning dependencies of target rosgraph_msgs_generate_messages_py[0m
[  0%] Built target tf2_msgs_generate_messages_eus
[35m[1mScanning dependencies of target nodelet_generate_messages_eus[0m
[  0%] Built target bond_generate_messages_nodejs
[  0%] Built target trajectory_msgs_generate_messages_lisp
[  0%] Built target actionlib_msgs_generate_messages_eus
[  0%] Built target tf_generate_messages_eus
[  0%] Built target rosgraph_msgs_generate_messages_py
[  0%] Built target roscpp_generate_messages_eus
[35m[1mScanning dependencies of target rosgraph_msgs_generate_messages_nodejs[0m
[  0%] Built target nodelet_generate_messages_eus
[35m[1mScanning dependencies of target rosgraph_msgs_generate_messages_lisp[0m
[35m[1mScanning dependencies of target rosgraph_msgs_generate_messages_eus[0m
[35m[1mScanning dependencies of target rosgraph_msgs_generate_messages_cpp[0m
[35m[1mScanning dependencies of target std_srvs_generate_messages_lisp[0m
[35m[1mScanning dependencies of target _catkin_empty_exported_target[0m
[35m[1mScanning dependencies of target roscpp_generate_messages_lisp[0m
[  0%] Built target rosgraph_msgs_generate_messages_nodejs
[35m[1mScanning dependencies of target std_srvs_generate_messages_eus[0m
[  0%] Built target rosgraph_msgs_generate_messages_cpp
[  0%] Built target rosgraph_msgs_generate_messages_eus
[  0%] Built target rosgraph_msgs_generate_messages_lisp
[  0%] Built target std_srvs_generate_messages_lisp
[  0%] Built target _catkin_empty_exported_target
[  0%] Built target roscpp_generate_messages_lisp
[35m[1mScanning dependencies of target octomap_msgs_generate_messages_lisp[0m
[  0%] Built target std_srvs_generate_messages_eus
[35m[1mScanning dependencies of target gazebo_msgs_generate_messages_lisp[0m
[35m[1mScanning dependencies of target roscpp_generate_messages_nodejs[0m
[35m[1mScanning dependencies of target bond_generate_messages_lisp[0m
[35m[1mScanning dependencies of target sensor_msgs_generate_messages_eus[0m
[35m[1mScanning dependencies of target sensor_msgs_generate_messages_cpp[0m
[35m[1mScanning dependencies of target std_msgs_generate_messages_nodejs[0m
[  0%] Built target octomap_msgs_generate_messages_lisp
[  0%] Built target roscpp_generate_messages_nodejs
[35m[1mScanning dependencies of target dynamic_reconfigure_generate_messages_lisp[0m
[  0%] Built target gazebo_msgs_generate_messages_lisp
[35m[1mScanning dependencies of target actionlib_generate_messages_lisp[0m
[35m[1mScanning dependencies of target geometry_msgs_generate_messages_cpp[0m
[  0%] Built target std_msgs_generate_messages_nodejs
[  0%] Built target sensor_msgs_generate_messages_cpp
[  0%] Built target bond_generate_messages_lisp
[  0%] Built target dynamic_reconfigure_generate_messages_lisp
[  0%] Built target sensor_msgs_generate_messages_eus
[35m[1mScanning dependencies of target bond_generate_messages_py[0m
[  0%] Built target actionlib_generate_messages_lisp
[  0%] Built target geometry_msgs_generate_messages_cpp
[35m[1mScanning dependencies of target nodelet_generate_messages_cpp[0m
[35m[1mScanning dependencies of target std_srvs_generate_messages_nodejs[0m
[35m[1mScanning dependencies of target nav_msgs_generate_messages_cpp[0m
[35m[1mScanning dependencies of target octomap_msgs_generate_messages_nodejs[0m
[35m[1mScanning dependencies of target rotors_comm_generate_messages_nodejs[0m
[  0%] Built target bond_generate_messages_py
[35m[1mScanning dependencies of target gazebo_msgs_generate_messages_eus[0m
[35m[1mScanning dependencies of target gazebo_msgs_generate_messages_py[0m
[  0%] Built target nodelet_generate_messages_cpp
[  0%] Built target std_srvs_generate_messages_nodejs
[  0%] Built target nav_msgs_generate_messages_cpp
[  0%] Built target octomap_msgs_generate_messages_nodejs
[  0%] Built target rotors_comm_generate_messages_nodejs
[  0%] Built target gazebo_msgs_generate_messages_eus
[35m[1mScanning dependencies of target nodelet_generate_messages_lisp[0m
[  0%] Built target gazebo_msgs_generate_messages_py
[35m[1mScanning dependencies of target trajectory_msgs_generate_messages_py[0m
[35m[1mScanning dependencies of target std_msgs_generate_messages_py[0m
[35m[1mScanning dependencies of target std_msgs_generate_messages_eus[0m
[35m[1mScanning dependencies of target geometry_msgs_generate_messages_nodejs[0m
[35m[1mScanning dependencies of target tf2_msgs_generate_messages_lisp[0m
[35m[1mScanning dependencies of target nav_msgs_generate_messages_nodejs[0m
[35m[1mScanning dependencies of target actionlib_msgs_generate_messages_nodejs[0m
[  0%] Built target nodelet_generate_messages_lisp
[  0%] Built target std_msgs_generate_messages_eus
[  0%] Built target trajectory_msgs_generate_messages_py
[  0%] Built target std_msgs_generate_messages_py
[  0%] Built target geometry_msgs_generate_messages_nodejs
[  0%] Built target tf2_msgs_generate_messages_lisp
[  0%] Built target nav_msgs_generate_messages_nodejs
[  0%] Built target actionlib_msgs_generate_messages_nodejs
[35m[1mScanning dependencies of target topic_tools_generate_messages_py[0m
[35m[1mScanning dependencies of target sensor_msgs_generate_messages_py[0m
[35m[1mScanning dependencies of target std_msgs_generate_messages_cpp[0m
[35m[1mScanning dependencies of target dynamic_reconfigure_gencfg[0m
[35m[1mScanning dependencies of target nodelet_generate_messages_py[0m
[35m[1mScanning dependencies of target dynamic_reconfigure_generate_messages_cpp[0m
[35m[1mScanning dependencies of target gazebo_plugins_gencfg[0m
[35m[1mScanning dependencies of target roscpp_generate_messages_py[0m
[  0%] Built target topic_tools_generate_messages_py
[  0%] Built target std_msgs_generate_messages_cpp
[  0%] Built target sensor_msgs_generate_messages_py
[  0%] Built target nodelet_generate_messages_py
[  0%] Built target dynamic_reconfigure_generate_messages_cpp
[  0%] Built target dynamic_reconfigure_gencfg
[  0%] Built target gazebo_plugins_gencfg
[  0%] Built target roscpp_generate_messages_py
[35m[1mScanning dependencies of target trajectory_msgs_generate_messages_eus[0m
[35m[1mScanning dependencies of target roscpp_generate_messages_cpp[0m
[35m[1mScanning dependencies of target geometry_msgs_generate_messages_eus[0m
[35m[1mScanning dependencies of target actionlib_generate_messages_cpp[0m
[35m[1mScanning dependencies of target nodelet_generate_messages_nodejs[0m
[35m[1mScanning dependencies of target geometry_msgs_generate_messages_lisp[0m
[  0%] Built target trajectory_msgs_generate_messages_eus
[35m[1mScanning dependencies of target gazebo_msgs_generate_messages_nodejs[0m
[35m[1mScanning dependencies of target geometry_msgs_generate_messages_py[0m
[  0%] Built target geometry_msgs_generate_messages_eus
[  0%] Built target roscpp_generate_messages_cpp
[  0%] Built target actionlib_generate_messages_cpp
[  0%] Built target nodelet_generate_messages_nodejs
[  0%] Built target geometry_msgs_generate_messages_lisp
[35m[1mScanning dependencies of target std_srvs_generate_messages_py[0m
[  0%] Built target gazebo_msgs_generate_messages_nodejs
[  0%] Built target geometry_msgs_generate_messages_py
[35m[1mScanning dependencies of target tf2_msgs_generate_messages_nodejs[0m
[35m[1mScanning dependencies of target dynamic_reconfigure_generate_messages_eus[0m
[35m[1mScanning dependencies of target dynamic_reconfigure_generate_messages_nodejs[0m
[35m[1mScanning dependencies of target dynamic_reconfigure_generate_messages_py[0m
[35m[1mScanning dependencies of target mav_msgs_generate_messages_py[0m
[35m[1mScanning dependencies of target mav_msgs_generate_messages_eus[0m
[  0%] Built target std_srvs_generate_messages_py
[35m[1mScanning dependencies of target std_msgs_generate_messages_lisp[0m
[  0%] Built target dynamic_reconfigure_generate_messages_eus
[  0%] Built target dynamic_reconfigure_generate_messages_nodejs
[  0%] Built target dynamic_reconfigure_generate_messages_py
[  0%] Built target tf2_msgs_generate_messages_nodejs
[  0%] Built target mav_msgs_generate_messages_py
[35m[1mScanning dependencies of target octomap_msgs_generate_messages_cpp[0m
[  0%] Built target mav_msgs_generate_messages_eus
[35m[1mScanning dependencies of target topic_tools_generate_messages_cpp[0m
[  0%] Built target std_msgs_generate_messages_lisp
[35m[1mScanning dependencies of target sensor_msgs_generate_messages_lisp[0m
[35m[1mScanning dependencies of target bond_generate_messages_eus[0m
[35m[1mScanning dependencies of target rotors_comm_generate_messages_eus[0m
[  0%] Built target octomap_msgs_generate_messages_cpp
[35m[1mScanning dependencies of target topic_tools_generate_messages_eus[0m
[35m[1mScanning dependencies of target tf_generate_messages_py[0m
[  0%] Built target topic_tools_generate_messages_cpp
[35m[1mScanning dependencies of target topic_tools_generate_messages_nodejs[0m
[  0%] Built target bond_generate_messages_eus
[  0%] Built target sensor_msgs_generate_messages_lisp
[  0%] Built target rotors_comm_generate_messages_eus
[35m[1mScanning dependencies of target rotors_comm_generate_messages_cpp[0m
[  0%] Built target tf_generate_messages_py
[  0%] Built target topic_tools_generate_messages_eus
[35m[1mScanning dependencies of target rotors_comm_generate_messages_lisp[0m
[35m[1mScanning dependencies of target rotors_comm_generate_messages_py[0m
[  0%] Built target topic_tools_generate_messages_nodejs
[35m[1mScanning dependencies of target actionlib_generate_messages_nodejs[0m
[  0%] Built target rotors_comm_generate_messages_cpp
[  0%] [34m[1mRunning C++ protocol buffer compiler on /home/asl/catkin_ws_ii/src/rotors_simulator/rotors_gazebo_plugins/msgs/matrix3d.proto[0m
[35m[1mScanning dependencies of target octomap_msgs_generate_messages_eus[0m
[35m[1mScanning dependencies of target mav_msgs_generate_messages_nodejs[0m
[  0%] Built target rotors_comm_generate_messages_py
[  0%] Built target rotors_comm_generate_messages_lisp
[  0%] Built target actionlib_generate_messages_nodejs
[35m[1mScanning dependencies of target topic_tools_generate_messages_lisp[0m
[  0%] [34m[1mRunning C++ protocol buffer compiler on /home/asl/catkin_ws_ii/src/rotors_simulator/rotors_gazebo_plugins/msgs/Actuators.proto[0m
[  0%] Built target octomap_msgs_generate_messages_eus
[  0%] Built target mav_msgs_generate_messages_nodejs
[  1%] [34m[1mRunning C++ protocol buffer compiler on /home/asl/catkin_ws_ii/src/rotors_simulator/rotors_gazebo_plugins/msgs/CommandMotorSpeed.proto[0m
[  2%] [34m[1mRunning C++ protocol buffer compiler on /home/asl/catkin_ws_ii/src/rotors_simulator/rotors_gazebo_plugins/msgs/ArrowMarker.proto[0m
[  2%] Built target topic_tools_generate_messages_lisp
[35m[1mScanning dependencies of target sensor_msgs_generate_messages_nodejs[0m
[  3%] [34m[1mRunning C++ protocol buffer compiler on /home/asl/catkin_ws_ii/src/rotors_simulator/rotors_gazebo_plugins/msgs/ConnectRosToGazeboTopic.proto[0m
[  3%] [34m[1mRunning C++ protocol buffer compiler on /home/asl/catkin_ws_ii/src/rotors_simulator/rotors_gazebo_plugins/msgs/ConnectGazeboToRosTopic.proto[0m
[  4%] [34m[1mRunning C++ protocol buffer compiler on /home/asl/catkin_ws_ii/src/rotors_simulator/rotors_gazebo_plugins/msgs/Float32.proto[0m
[  4%] Built target sensor_msgs_generate_messages_nodejs
[  4%] [34m[1mRunning C++ protocol buffer compiler on /home/asl/catkin_ws_ii/src/rotors_simulator/rotors_gazebo_plugins/msgs/FluidPressure.proto[0m
[  7%] [34m[1mRunning C++ protocol buffer compiler on /home/asl/catkin_ws_ii/src/rotors_simulator/rotors_gazebo_plugins/msgs/Imu.proto[0m
[  7%] [34m[1mRunning C++ protocol buffer compiler on /home/asl/catkin_ws_ii/src/rotors_simulator/rotors_gazebo_plugins/msgs/Header.proto[0m
[  7%] [34m[1mRunning C++ protocol buffer compiler on /home/asl/catkin_ws_ii/src/rotors_simulator/rotors_gazebo_plugins/msgs/Lidar.proto[0m
[  7%] [34m[1mRunning C++ protocol buffer compiler on /home/asl/catkin_ws_ii/src/rotors_simulator/rotors_gazebo_plugins/msgs/JointState.proto[0m
[35m[1mScanning dependencies of target actionlib_msgs_generate_messages_cpp[0m
[35m[1mScanning dependencies of target trajectory_msgs_generate_messages_cpp[0m
[35m[1mScanning dependencies of target std_srvs_generate_messages_cpp[0m
[35m[1mScanning dependencies of target bond_generate_messages_cpp[0m
[35m[1mScanning dependencies of target gazebo_msgs_generate_messages_cpp[0m
[  8%] [34m[1mRunning C++ protocol buffer compiler on /home/asl/catkin_ws_ii/src/rotors_simulator/rotors_gazebo_plugins/msgs/NavSatFix.proto[0m
[  8%] [34m[1mRunning C++ protocol buffer compiler on /home/asl/catkin_ws_ii/src/rotors_simulator/rotors_gazebo_plugins/msgs/MagneticField.proto[0m
[  8%] Built target bond_generate_messages_cpp
[  8%] Built target actionlib_msgs_generate_messages_cpp
[  8%] Built target gazebo_msgs_generate_messages_cpp
[  8%] Built target std_srvs_generate_messages_cpp
[  8%] Built target trajectory_msgs_generate_messages_cpp
[35m[1mScanning dependencies of target diagnostic_msgs_generate_messages_cpp[0m
MagneticField.proto: warning: Import quaternion.proto but not used.
[  9%] [34m[1mRunning C++ protocol buffer compiler on /home/asl/catkin_ws_ii/src/rotors_simulator/rotors_gazebo_plugins/msgs/Odometry.proto[0m
[ 10%] [34m[1mRunning C++ protocol buffer compiler on /home/asl/catkin_ws_ii/src/rotors_simulator/rotors_gazebo_plugins/msgs/OpticalFlow.proto[0m
[35m[1mScanning dependencies of target diagnostic_msgs_generate_messages_py[0m
[ 10%] [34m[1mRunning C++ protocol buffer compiler on /home/asl/catkin_ws_ii/src/rotors_simulator/rotors_gazebo_plugins/msgs/Point.proto[0m
[35m[1mScanning dependencies of target uuid_msgs_generate_messages_py[0m
[ 11%] [34m[1mRunning C++ protocol buffer compiler on /home/asl/catkin_ws_ii/src/rotors_simulator/rotors_gazebo_plugins/msgs/PointStamped.proto[0m
[ 13%] Built target diagnostic_msgs_generate_messages_cpp
[ 13%] [34m[1mRunning C++ protocol buffer compiler on /home/asl/catkin_ws_ii/src/rotors_simulator/rotors_gazebo_plugins/msgs/PoseStamped.proto[0m
[ 13%] Built target diagnostic_msgs_generate_messages_py
[35m[1mScanning dependencies of target geographic_msgs_generate_messages_py[0m
[ 13%] Built target uuid_msgs_generate_messages_py
[35m[1mScanning dependencies of target geographic_msgs_generate_messages_nodejs[0m
[ 13%] [34m[1mRunning C++ protocol buffer compiler on /home/asl/catkin_ws_ii/src/rotors_simulator/rotors_gazebo_plugins/msgs/PoseWithCovariance.proto[0m
[35m[1mScanning dependencies of target mavros_msgs_generate_messages_lisp[0m
[ 13%] Built target geographic_msgs_generate_messages_py
[ 14%] [34m[1mRunning C++ protocol buffer compiler on /home/asl/catkin_ws_ii/src/rotors_simulator/rotors_gazebo_plugins/msgs/PoseWithCovarianceStamped.proto[0m
[ 15%] [34m[1mRunning C++ protocol buffer compiler on /home/asl/catkin_ws_ii/src/rotors_simulator/rotors_gazebo_plugins/msgs/PropulsionSlipstream.proto[0m
[ 15%] Built target geographic_msgs_generate_messages_nodejs
[ 15%] Built target mavros_msgs_generate_messages_lisp
[ 15%] [34m[1mRunning C++ protocol buffer compiler on /home/asl/catkin_ws_ii/src/rotors_simulator/rotors_gazebo_plugins/msgs/RollPitchYawrateThrust.proto[0m
[ 17%] [34m[1mRunning C++ protocol buffer compiler on /home/asl/catkin_ws_ii/src/rotors_simulator/rotors_gazebo_plugins/msgs/Transform.proto[0m
[ 17%] [34m[1mRunning C++ protocol buffer compiler on /home/asl/catkin_ws_ii/src/rotors_simulator/rotors_gazebo_plugins/msgs/SITLGps.proto[0m
[ 17%] [34m[1mRunning C++ protocol buffer compiler on /home/asl/catkin_ws_ii/src/rotors_simulator/rotors_gazebo_plugins/msgs/TransformStamped.proto[0m
[35m[1mScanning dependencies of target diagnostic_msgs_generate_messages_lisp[0m
[35m[1mScanning dependencies of target diagnostic_msgs_generate_messages_eus[0m
[35m[1mScanning dependencies of target diagnostic_msgs_generate_messages_nodejs[0m
[35m[1mScanning dependencies of target geographic_msgs_generate_messages_cpp[0m
[ 18%] [34m[1mRunning C++ protocol buffer compiler on /home/asl/catkin_ws_ii/src/rotors_simulator/rotors_gazebo_plugins/msgs/TransformStampedWithFrameIds.proto[0m
[ 18%] Built target diagnostic_msgs_generate_messages_eus
[ 18%] Built target diagnostic_msgs_generate_messages_lisp
[ 18%] [34m[1mRunning C++ protocol buffer compiler on /home/asl/catkin_ws_ii/src/rotors_simulator/rotors_gazebo_plugins/msgs/TwistStamped.proto[0m
[ 18%] Built target diagnostic_msgs_generate_messages_nodejs
[35m[1mScanning dependencies of target geographic_msgs_generate_messages_eus[0m
[ 19%] [34m[1mRunning C++ protocol buffer compiler on /home/asl/catkin_ws_ii/src/rotors_simulator/rotors_gazebo_plugins/msgs/Twist.proto[0m
[ 19%] Built target geographic_msgs_generate_messages_cpp
[ 20%] [34m[1mRunning C++ protocol buffer compiler on /home/asl/catkin_ws_ii/src/rotors_simulator/rotors_gazebo_plugins/msgs/TwistWithCovariance.proto[0m
[35m[1mScanning dependencies of target geographic_msgs_generate_messages_lisp[0m
[35m[1mScanning dependencies of target uuid_msgs_generate_messages_cpp[0m
[ 20%] Built target geographic_msgs_generate_messages_eus
[ 21%] [34m[1mRunning C++ protocol buffer compiler on /home/asl/catkin_ws_ii/src/rotors_simulator/rotors_gazebo_plugins/msgs/Vector3dStamped.proto[0m
[35m[1mScanning dependencies of target uuid_msgs_generate_messages_eus[0m
[35m[1mScanning dependencies of target uuid_msgs_generate_messages_lisp[0m
[35m[1mScanning dependencies of target uuid_msgs_generate_messages_nodejs[0m
[35m[1mScanning dependencies of target mavros_msgs_generate_messages_cpp[0m
[ 21%] Built target geographic_msgs_generate_messages_lisp
[ 21%] Built target uuid_msgs_generate_messages_cpp
[ 21%] [34m[1mRunning C++ protocol buffer compiler on /home/asl/catkin_ws_ii/src/rotors_simulator/rotors_gazebo_plugins/msgs/VisVector.proto[0m
[ 22%] [34m[1mRunning C++ protocol buffer compiler on /home/asl/catkin_ws_ii/src/rotors_simulator/rotors_gazebo_plugins/msgs/VisVectorArray.proto[0m
[ 22%] Built target uuid_msgs_generate_messages_eus
[ 22%] Built target uuid_msgs_generate_messages_lisp
[ 22%] Built target uuid_msgs_generate_messages_nodejs
[ 23%] [34m[1mRunning C++ protocol buffer compiler on /home/asl/catkin_ws_ii/src/rotors_simulator/rotors_gazebo_plugins/msgs/WindSpeed.proto[0m
[ 23%] Built target mavros_msgs_generate_messages_cpp
[35m[1mScanning dependencies of target mavros_msgs_generate_messages_eus[0m
[ 23%] [34m[1mRunning C++ protocol buffer compiler on /home/asl/catkin_ws_ii/src/rotors_simulator/rotors_gazebo_plugins/msgs/WindSpeedBeta.proto[0m
[35m[1mScanning dependencies of target mavros_msgs_generate_messages_nodejs[0m
[ 25%] [34m[1mRunning C++ protocol buffer compiler on /home/asl/catkin_ws_ii/src/rotors_simulator/rotors_gazebo_plugins/msgs/Wrench.proto[0m
[35m[1mScanning dependencies of target mavros_msgs_generate_messages_py[0m
WindSpeedBeta.proto: warning: Import Header.proto but not used.
[ 26%] [34m[1mRunning C++ protocol buffer compiler on /home/asl/catkin_ws_ii/src/rotors_simulator/rotors_gazebo_plugins/msgs/WrenchStamped.proto[0m
[ 26%] Built target mavros_msgs_generate_messages_eus
[ 26%] Built target mavros_msgs_generate_messages_nodejs
[ 26%] Built target mavros_msgs_generate_messages_py
[35m[1mScanning dependencies of target mav_msgs[0m
[ 29%] [32mBuilding CXX object CMakeFiles/mav_msgs.dir/CommandMotorSpeed.pb.cc.o[0m
[ 29%] [32mBuilding CXX object CMakeFiles/mav_msgs.dir/ArrowMarker.pb.cc.o[0m
[ 30%] [32mBuilding CXX object CMakeFiles/mav_msgs.dir/ConnectRosToGazeboTopic.pb.cc.o[0m
[ 30%] [32mBuilding CXX object CMakeFiles/mav_msgs.dir/Float32.pb.cc.o[0m
[ 31%] [32mBuilding CXX object CMakeFiles/mav_msgs.dir/FluidPressure.pb.cc.o[0m
[ 29%] [32mBuilding CXX object CMakeFiles/mav_msgs.dir/Actuators.pb.cc.o[0m
[ 32%] [32mBuilding CXX object CMakeFiles/mav_msgs.dir/Header.pb.cc.o[0m
[ 29%] [32mBuilding CXX object CMakeFiles/mav_msgs.dir/ConnectGazeboToRosTopic.pb.cc.o[0m
[ 32%] [32mBuilding CXX object CMakeFiles/mav_msgs.dir/Imu.pb.cc.o[0m
[ 33%] [32mBuilding CXX object CMakeFiles/mav_msgs.dir/JointState.pb.cc.o[0m
[ 34%] [32mBuilding CXX object CMakeFiles/mav_msgs.dir/Lidar.pb.cc.o[0m
[ 34%] [32mBuilding CXX object CMakeFiles/mav_msgs.dir/MagneticField.pb.cc.o[0m
[ 35%] [32mBuilding CXX object CMakeFiles/mav_msgs.dir/NavSatFix.pb.cc.o[0m
[ 36%] [32mBuilding CXX object CMakeFiles/mav_msgs.dir/Odometry.pb.cc.o[0m
[ 38%] [32mBuilding CXX object CMakeFiles/mav_msgs.dir/OpticalFlow.pb.cc.o[0m
[ 38%] [32mBuilding CXX object CMakeFiles/mav_msgs.dir/Point.pb.cc.o[0m
[ 39%] [32mBuilding CXX object CMakeFiles/mav_msgs.dir/PointStamped.pb.cc.o[0m
[ 39%] [32mBuilding CXX object CMakeFiles/mav_msgs.dir/PoseStamped.pb.cc.o[0m
[ 40%] [32mBuilding CXX object CMakeFiles/mav_msgs.dir/PoseWithCovariance.pb.cc.o[0m
[ 41%] [32mBuilding CXX object CMakeFiles/mav_msgs.dir/PoseWithCovarianceStamped.pb.cc.o[0m
[ 41%] [32mBuilding CXX object CMakeFiles/mav_msgs.dir/PropulsionSlipstream.pb.cc.o[0m
[ 42%] [32mBuilding CXX object CMakeFiles/mav_msgs.dir/RollPitchYawrateThrust.pb.cc.o[0m
[ 43%] [32mBuilding CXX object CMakeFiles/mav_msgs.dir/SITLGps.pb.cc.o[0m
[ 44%] [32mBuilding CXX object CMakeFiles/mav_msgs.dir/Transform.pb.cc.o[0m
[ 44%] [32mBuilding CXX object CMakeFiles/mav_msgs.dir/TransformStamped.pb.cc.o[0m
[ 45%] [32mBuilding CXX object CMakeFiles/mav_msgs.dir/TransformStampedWithFrameIds.pb.cc.o[0m
[ 46%] [32mBuilding CXX object CMakeFiles/mav_msgs.dir/Twist.pb.cc.o[0m
[ 46%] [32mBuilding CXX object CMakeFiles/mav_msgs.dir/TwistStamped.pb.cc.o[0m
[ 47%] [32mBuilding CXX object CMakeFiles/mav_msgs.dir/TwistWithCovariance.pb.cc.o[0m
[ 48%] [32mBuilding CXX object CMakeFiles/mav_msgs.dir/Vector3dStamped.pb.cc.o[0m
[ 48%] [32mBuilding CXX object CMakeFiles/mav_msgs.dir/VisVector.pb.cc.o[0m
[ 50%] [32mBuilding CXX object CMakeFiles/mav_msgs.dir/VisVectorArray.pb.cc.o[0m
[ 51%] [32mBuilding CXX object CMakeFiles/mav_msgs.dir/WindSpeed.pb.cc.o[0m
[ 51%] [32mBuilding CXX object CMakeFiles/mav_msgs.dir/WindSpeedBeta.pb.cc.o[0m
[ 52%] [32mBuilding CXX object CMakeFiles/mav_msgs.dir/Wrench.pb.cc.o[0m
[ 53%] [32mBuilding CXX object CMakeFiles/mav_msgs.dir/WrenchStamped.pb.cc.o[0m
[ 53%] [32mBuilding CXX object CMakeFiles/mav_msgs.dir/matrix3d.pb.cc.o[0m
[ 54%] [32m[1mLinking CXX shared library libmav_msgs.so[0m
[ 54%] Built target mav_msgs
[35m[1mScanning dependencies of target rotors_gazebo_pressure_plugin[0m
[35m[1mScanning dependencies of target LiftDragPlugin[0m
[35m[1mScanning dependencies of target rotors_gazebo_motor_model[0m
[35m[1mScanning dependencies of target rotors_gazebo_payload_plugin[0m
[35m[1mScanning dependencies of target gazebo_geotagged_images_plugin[0m
[35m[1mScanning dependencies of target rotors_gazebo_aerodynamics_plugin[0m
[35m[1mScanning dependencies of target rotors_gazebo_magnetometer_plugin[0m
[35m[1mScanning dependencies of target rotors_gazebo_bag_plugin[0m
[ 54%] [32mBuilding CXX object CMakeFiles/LiftDragPlugin.dir/src/liftdrag_plugin/liftdrag_plugin.cpp.o[0m
[ 55%] [32mBuilding CXX object CMakeFiles/rotors_gazebo_payload_plugin.dir/src/gazebo_payload_plugin.cpp.o[0m
[ 55%] [32mBuilding CXX object CMakeFiles/rotors_gazebo_pressure_plugin.dir/src/gazebo_pressure_plugin.cpp.o[0m
[ 56%] [32mBuilding CXX object CMakeFiles/gazebo_geotagged_images_plugin.dir/src/external/gazebo_geotagged_images_plugin.cpp.o[0m
[ 57%] [32mBuilding CXX object CMakeFiles/rotors_gazebo_motor_model.dir/src/gazebo_motor_model.cpp.o[0m
[ 59%] [32mBuilding CXX object CMakeFiles/rotors_gazebo_magnetometer_plugin.dir/src/gazebo_magnetometer_plugin.cpp.o[0m
[ 59%] [32mBuilding CXX object CMakeFiles/rotors_gazebo_aerodynamics_plugin.dir/src/gazebo_aerodynamics_plugin.cpp.o[0m
[ 60%] [32mBuilding CXX object CMakeFiles/rotors_gazebo_bag_plugin.dir/src/gazebo_bag_plugin.cpp.o[0m
[01m[K/home/asl/catkin_ws_ii/src/rotors_simulator/rotors_gazebo_plugins/src/external/gazebo_geotagged_images_plugin.cpp:[m[K In member function ‘[01m[Kvoid gazebo::GeotaggedImagesPlugin::OnNewFrame(const unsigned char*)[m[K’:
[01m[K/home/asl/catkin_ws_ii/src/rotors_simulator/rotors_gazebo_plugins/src/external/gazebo_geotagged_images_plugin.cpp:176:9:[m[K [01;35m[Kwarning: [m[Kignoring return value of ‘[01m[Kint system(const char*)[m[K’, declared with attribute warn_unused_result [[01;35m[K-Wunused-result[m[K]
   [01;35m[Ksystem(gps_tag_command)[m[K;
   [01;35m[K~~~~~~^~~~~~~~~~~~~~~~~[m[K
[ 64%] [32m[1mLinking CXX shared library /home/asl/catkin_ws_ii/devel/lib/librotors_gazebo_motor_model.so[0m
[ 64%] [32m[1mLinking CXX shared library /home/asl/catkin_ws_ii/devel/lib/librotors_gazebo_pressure_plugin.so[0m
[ 65%] [32m[1mLinking CXX shared library /home/asl/catkin_ws_ii/devel/lib/librotors_gazebo_payload_plugin.so[0m
[ 66%] [32m[1mLinking CXX shared library /home/asl/catkin_ws_ii/devel/lib/librotors_gazebo_bag_plugin.so[0m
[ 66%] [32m[1mLinking CXX shared library /home/asl/catkin_ws_ii/devel/lib/librotors_gazebo_aerodynamics_plugin.so[0m
[ 66%] [32m[1mLinking CXX shared library /home/asl/catkin_ws_ii/devel/lib/librotors_gazebo_magnetometer_plugin.so[0m
[ 66%] [32m[1mLinking CXX shared library /home/asl/catkin_ws_ii/devel/lib/libLiftDragPlugin.so[0m
[ 66%] [32m[1mLinking CXX shared library /home/asl/catkin_ws_ii/devel/lib/libgazebo_geotagged_images_plugin.so[0m
[ 66%] Built target rotors_gazebo_payload_plugin
[ 66%] Built target rotors_gazebo_magnetometer_plugin
[ 66%] Built target gazebo_geotagged_images_plugin
[ 66%] Built target rotors_gazebo_pressure_plugin
[ 66%] Built target LiftDragPlugin
[ 66%] Built target rotors_gazebo_bag_plugin
[ 66%] Built target rotors_gazebo_motor_model
[ 66%] Built target rotors_gazebo_aerodynamics_plugin
[35m[1mScanning dependencies of target rotors_gazebo_ros_interface_plugin[0m
[35m[1mScanning dependencies of target rotors_gazebo_gps_plugin[0m
[35m[1mScanning dependencies of target rotors_gazebo_imu_plugin[0m
[35m[1mScanning dependencies of target rotors_gazebo_imu_s_plugin[0m
[35m[1mScanning dependencies of target rotors_gazebo_controller_interface[0m
[35m[1mScanning dependencies of target rotors_gazebo_mavlink_interface_tmp[0m
[35m[1mScanning dependencies of target rotors_gazebo_lifting_line_plugin[0m
[35m[1mScanning dependencies of target rotors_gazebo_springdamper_plugin[0m
[ 66%] [32mBuilding CXX object CMakeFiles/rotors_gazebo_lifting_line_plugin.dir/src/gazebo_lifting_line_plugin.cpp.o[0m
[ 66%] [32mBuilding CXX object CMakeFiles/rotors_gazebo_springdamper_plugin.dir/src/gazebo_springdamper_plugin.cpp.o[0m
[ 66%] [32mBuilding CXX object CMakeFiles/rotors_gazebo_imu_plugin.dir/src/gazebo_imu_plugin.cpp.o[0m
[ 68%] [32mBuilding CXX object CMakeFiles/rotors_gazebo_gps_plugin.dir/src/gazebo_gps_plugin.cpp.o[0m
[ 68%] [32mBuilding CXX object CMakeFiles/rotors_gazebo_imu_s_plugin.dir/src/gazebo_imu_s_plugin.cpp.o[0m
[ 68%] [32mBuilding CXX object CMakeFiles/rotors_gazebo_controller_interface.dir/src/gazebo_controller_interface.cpp.o[0m
[ 69%] [32mBuilding CXX object CMakeFiles/rotors_gazebo_mavlink_interface_tmp.dir/src/gazebo_mavlink_interface_tmp.cpp.o[0m
[ 70%] [32mBuilding CXX object CMakeFiles/rotors_gazebo_ros_interface_plugin.dir/src/gazebo_ros_interface_plugin.cpp.o[0m
[ 71%] [32m[1mLinking CXX shared library /home/asl/catkin_ws_ii/devel/lib/librotors_gazebo_springdamper_plugin.so[0m
[ 71%] Built target rotors_gazebo_springdamper_plugin
[ 72%] [32mBuilding CXX object CMakeFiles/rotors_gazebo_mavlink_interface_tmp.dir/src/geo_mag_declination_tmp.cpp.o[0m
[ 72%] [32m[1mLinking CXX shared library /home/asl/catkin_ws_ii/devel/lib/librotors_gazebo_imu_s_plugin.so[0m
[ 73%] [32m[1mLinking CXX shared library /home/asl/catkin_ws_ii/devel/lib/librotors_gazebo_lifting_line_plugin.so[0m
[ 73%] Built target rotors_gazebo_imu_s_plugin
[35m[1mScanning dependencies of target rotors_gazebo_multirotor_base_plugin[0m
[ 73%] Built target rotors_gazebo_lifting_line_plugin
[ 73%] [32mBuilding CXX object CMakeFiles/rotors_gazebo_multirotor_base_plugin.dir/src/gazebo_multirotor_base_plugin.cpp.o[0m
[35m[1mScanning dependencies of target rotors_gazebo_noisydepth_plugin[0m
[ 75%] [32m[1mLinking CXX shared library /home/asl/catkin_ws_ii/devel/lib/librotors_gazebo_controller_interface.so[0m
[ 76%] [32m[1mLinking CXX shared library /home/asl/catkin_ws_ii/devel/lib/librotors_gazebo_imu_plugin.so[0m
[ 77%] [32m[1mLinking CXX shared library /home/asl/catkin_ws_ii/devel/lib/librotors_gazebo_gps_plugin.so[0m
[ 77%] Built target rotors_gazebo_controller_interface
[ 77%] Built target rotors_gazebo_imu_plugin
[35m[1mScanning dependencies of target rotors_gazebo_lidar_plugin[0m
[35m[1mScanning dependencies of target rotors_gazebo_tracking_cam_plugin[0m
[ 77%] Built target rotors_gazebo_gps_plugin
[ 78%] [32mBuilding CXX object CMakeFiles/rotors_gazebo_tracking_cam_plugin.dir/src/gazebo_tracking_cam_plugin.cpp.o[0m
[ 79%] [32mBuilding CXX object CMakeFiles/rotors_gazebo_lidar_plugin.dir/src/external/gazebo_lidar_plugin.cpp.o[0m
[35m[1mScanning dependencies of target rotors_gazebo_mavlink_interface[0m
[ 80%] [32mBuilding CXX object CMakeFiles/rotors_gazebo_noisydepth_plugin.dir/src/gazebo_noisydepth_plugin.cpp.o[0m
[ 81%] [32mBuilding CXX object CMakeFiles/rotors_gazebo_mavlink_interface.dir/src/gazebo_mavlink_interface.cpp.o[0m
[ 82%] [32mBuilding CXX object CMakeFiles/rotors_gazebo_mavlink_interface.dir/src/geo_mag_declination_tmp.cpp.o[0m
In file included from [01m[K/home/asl/catkin_ws_ii/devel/include/mavlink/v2.0/ASLUAV/mavlink.h:32:0[m[K,
                 from [01m[K/home/asl/catkin_ws_ii/src/rotors_simulator/rotors_gazebo_plugins/include/rotors_gazebo_plugins/gazebo_mavlink_interface.h:69[m[K,
                 from [01m[K/home/asl/catkin_ws_ii/src/rotors_simulator/rotors_gazebo_plugins/src/gazebo_mavlink_interface.cpp:22[m[K:
[01m[K/home/asl/catkin_ws_ii/devel/include/mavlink/v2.0/ASLUAV/ASLUAV.h:272:0:[m[K [01;35m[Kwarning: [m[K"MAVLINK_MESSAGE_INFO" redefined
 # define MAVLINK_MESSAGE_INFO {MAVLINK_MESSAGE_INFO_HEARTBEAT, MAVLINK_MESSAGE_INFO_SYS_STATUS, MAVLINK_MESSAGE_INFO_SYSTEM_TIME, MAVLINK_MESSAGE_INFO_PING, MAVLINK_MESSAGE_INFO_CHANGE_OPERATOR_CONTROL, MAVLINK_MESSAGE_INFO_CHANGE_OPERATOR_CONTROL_ACK, MAVLINK_MESSAGE_INFO_AUTH_KEY, MAVLINK_MESSAGE_INFO_LINK_NODE_STATUS, MAVLINK_MESSAGE_INFO_SET_MODE, MAVLINK_MESSAGE_INFO_PARAM_ACK_TRANSACTION, MAVLINK_MESSAGE_INFO_PARAM_REQUEST_READ, MAVLINK_MESSAGE_INFO_PARAM_REQUEST_LIST, MAVLINK_MESSAGE_INFO_PARAM_VALUE, MAVLINK_MESSAGE_INFO_PARAM_SET, MAVLINK_MESSAGE_INFO_GPS_RAW_INT, MAVLINK_MESSAGE_INFO_GPS_STATUS, MAVLINK_MESSAGE_INFO_SCALED_IMU, MAVLINK_MESSAGE_INFO_RAW_IMU, MAVLINK_MESSAGE_INFO_RAW_PRESSURE, MAVLINK_MESSAGE_INFO_SCALED_PRESSURE, MAVLINK_MESSAGE_INFO_ATTITUDE, MAVLINK_MESSAGE_INFO_ATTITUDE_QUATERNION, MAVLINK_MESSAGE_INFO_LOCAL_POSITION_NED, MAVLINK_MESSAGE_INFO_GLOBAL_POSITION_INT, MAVLINK_MESSAGE_INFO_RC_CHANNELS_SCALED, MAVLINK_MESSAGE_INFO_RC_CHANNELS_RAW, MAVLINK_MESSAGE_INFO_SERVO_OUTPUT_RAW, MAVLINK_MESSAGE_INFO_MISSION_REQUEST_PARTIAL_LIST, MAVLINK_MESSAGE_INFO_MISSION_WRITE_PARTIAL_LIST, MAVLINK_MESSAGE_INFO_MISSION_ITEM, MAVLINK_MESSAGE_INFO_MISSION_REQUEST, MAVLINK_MESSAGE_INFO_MISSION_SET_CURRENT, MAVLINK_MESSAGE_INFO_MISSION_CURRENT, MAVLINK_MESSAGE_INFO_MISSION_REQUEST_LIST, MAVLINK_MESSAGE_INFO_MISSION_COUNT, MAVLINK_MESSAGE_INFO_MISSION_CLEAR_ALL, MAVLINK_MESSAGE_INFO_MISSION_ITEM_REACHED, MAVLINK_MESSAGE_INFO_MISSION_ACK, MAVLINK_MESSAGE_INFO_SET_GPS_GLOBAL_ORIGIN, MAVLINK_MESSAGE_INFO_GPS_GLOBAL_ORIGIN, MAVLINK_MESSAGE_INFO_PARAM_MAP_RC, MAVLINK_MESSAGE_INFO_MISSION_REQUEST_INT, MAVLINK_MESSAGE_INFO_MISSION_CHANGED, MAVLINK_MESSAGE_INFO_SAFETY_SET_ALLOWED_AREA, MAVLINK_MESSAGE_INFO_SAFETY_ALLOWED_AREA, MAVLINK_MESSAGE_INFO_ATTITUDE_QUATERNION_COV, MAVLINK_MESSAGE_INFO_NAV_CONTROLLER_OUTPUT, MAVLINK_MESSAGE_INFO_GLOBAL_POSITION_INT_COV, MAVLINK_MESSAGE_INFO_LOCAL_POSITION_NED_COV, MAVLINK_MESSAGE_INFO_RC_CHANNELS, MAVLINK_MESSAGE_INFO_REQUEST_DATA_STREAM, MAVLINK_MESSAGE_INFO_DATA_STREAM, MAVLINK_MESSAGE_INFO_MANUAL_CONTROL, MAVLINK_MESSAGE_INFO_RC_CHANNELS_OVERRIDE, MAVLINK_MESSAGE_INFO_MISSION_ITEM_INT, MAVLINK_MESSAGE_INFO_VFR_HUD, MAVLINK_MESSAGE_INFO_COMMAND_INT, MAVLINK_MESSAGE_INFO_COMMAND_LONG, MAVLINK_MESSAGE_INFO_COMMAND_ACK, MAVLINK_MESSAGE_INFO_COMMAND_INT_STAMPED, MAVLINK_MESSAGE_INFO_COMMAND_LONG_STAMPED, MAVLINK_MESSAGE_INFO_COMMAND_CANCEL, MAVLINK_MESSAGE_INFO_MANUAL_SETPOINT, MAVLINK_MESSAGE_INFO_SET_ATTITUDE_TARGET, MAVLINK_MESSAGE_INFO_ATTITUDE_TARGET, MAVLINK_MESSAGE_INFO_SET_POSITION_TARGET_LOCAL_NED, MAVLINK_MESSAGE_INFO_POSITION_TARGET_LOCAL_NED, MAVLINK_MESSAGE_INFO_SET_POSITION_TARGET_GLOBAL_INT, MAVLINK_MESSAGE_INFO_POSITION_TARGET_GLOBAL_INT, MAVLINK_MESSAGE_INFO_LOCAL_POSITION_NED_SYSTEM_GLOBAL_OFFSET, MAVLINK_MESSAGE_INFO_HIL_STATE, MAVLINK_MESSAGE_INFO_HIL_CONTROLS, MAVLINK_MESSAGE_INFO_HIL_RC_INPUTS_RAW, MAVLINK_MESSAGE_INFO_HIL_ACTUATOR_CONTROLS, MAVLINK_MESSAGE_INFO_OPTICAL_FLOW, MAVLINK_MESSAGE_INFO_GLOBAL_VISION_POSITION_ESTIMATE, MAVLINK_MESSAGE_INFO_VISION_POSITION_ESTIMATE, MAVLINK_MESSAGE_INFO_VISION_SPEED_ESTIMATE, MAVLINK_MESSAGE_INFO_VICON_POSITION_ESTIMATE, MAVLINK_MESSAGE_INFO_HIGHRES_IMU, MAVLINK_MESSAGE_INFO_OPTICAL_FLOW_RAD, MAVLINK_MESSAGE_INFO_HIL_SENSOR, MAVLINK_MESSAGE_INFO_SIM_STATE, MAVLINK_MESSAGE_INFO_RADIO_STATUS, MAVLINK_MESSAGE_INFO_FILE_TRANSFER_PROTOCOL, MAVLINK_MESSAGE_INFO_TIMESYNC, MAVLINK_MESSAGE_INFO_CAMERA_TRIGGER, MAVLINK_MESSAGE_INFO_HIL_GPS, MAVLINK_MESSAGE_INFO_HIL_OPTICAL_FLOW, MAVLINK_MESSAGE_INFO_HIL_STATE_QUATERNION, MAVLINK_MESSAGE_INFO_SCALED_IMU2, MAVLINK_MESSAGE_INFO_LOG_REQUEST_LIST, MAVLINK_MESSAGE_INFO_LOG_ENTRY, MAVLINK_MESSAGE_INFO_LOG_REQUEST_DATA, MAVLINK_MESSAGE_INFO_LOG_DATA, MAVLINK_MESSAGE_INFO_LOG_ERASE, MAVLINK_MESSAGE_INFO_LOG_REQUEST_END, MAVLINK_MESSAGE_INFO_GPS_INJECT_DATA, MAVLINK_MESSAGE_INFO_GPS2_RAW, MAVLINK_MESSAGE_INFO_POWER_STATUS, MAVLINK_MESSAGE_INFO_SERIAL_CONTROL, MAVLINK_MESSAGE_INFO_GPS_RTK, MAVLINK_MESSAGE_INFO_GPS2_RTK, MAVLINK_MESSAGE_INFO_SCALED_IMU3, MAVLINK_MESSAGE_INFO_DATA_TRANSMISSION_HANDSHAKE, MAVLINK_MESSAGE_INFO_ENCAPSULATED_DATA, MAVLINK_MESSAGE_INFO_DISTANCE_SENSOR, MAVLINK_MESSAGE_INFO_TERRAIN_REQUEST, MAVLINK_MESSAGE_INFO_TERRAIN_DATA, MAVLINK_MESSAGE_INFO_TERRAIN_CHECK, MAVLINK_MESSAGE_INFO_TERRAIN_REPORT, MAVLINK_MESSAGE_INFO_SCALED_PRESSURE2, MAVLINK_MESSAGE_INFO_ATT_POS_MOCAP, MAVLINK_MESSAGE_INFO_SET_ACTUATOR_CONTROL_TARGET, MAVLINK_MESSAGE_INFO_ACTUATOR_CONTROL_TARGET, MAVLINK_MESSAGE_INFO_ALTITUDE, MAVLINK_MESSAGE_INFO_RESOURCE_REQUEST, MAVLINK_MESSAGE_INFO_SCALED_PRESSURE3, MAVLINK_MESSAGE_INFO_FOLLOW_TARGET, MAVLINK_MESSAGE_INFO_CONTROL_SYSTEM_STATE, MAVLINK_MESSAGE_INFO_BATTERY_STATUS, MAVLINK_MESSAGE_INFO_AUTOPILOT_VERSION, MAVLINK_MESSAGE_INFO_LANDING_TARGET, MAVLINK_MESSAGE_INFO_FENCE_STATUS, MAVLINK_MESSAGE_INFO_MAG_CAL_REPORT, MAVLINK_MESSAGE_INFO_SENS_POWER, MAVLINK_MESSAGE_INFO_SENS_MPPT, MAVLINK_MESSAGE_INFO_ASLCTRL_DATA, MAVLINK_MESSAGE_INFO_ASLCTRL_DEBUG, MAVLINK_MESSAGE_INFO_ASLUAV_STATUS, MAVLINK_MESSAGE_INFO_EKF_EXT, MAVLINK_MESSAGE_INFO_ASL_OBCTRL, MAVLINK_MESSAGE_INFO_SENS_ATMOS, MAVLINK_MESSAGE_INFO_SENS_BATMON, MAVLINK_MESSAGE_INFO_FW_SOARING_DATA, MAVLINK_MESSAGE_INFO_SENSORPOD_STATUS, MAVLINK_MESSAGE_INFO_SENS_POWER_BOARD, MAVLINK_MESSAGE_INFO_GSM_LINK_STATUS, MAVLINK_MESSAGE_INFO_EFI_STATUS, MAVLINK_MESSAGE_INFO_ESTIMATOR_STATUS, MAVLINK_MESSAGE_INFO_WIND_COV, MAVLINK_MESSAGE_INFO_GPS_INPUT, MAVLINK_MESSAGE_INFO_GPS_RTCM_DATA, MAVLINK_MESSAGE_INFO_HIGH_LATENCY, MAVLINK_MESSAGE_INFO_HIGH_LATENCY2, MAVLINK_MESSAGE_INFO_VIBRATION, MAVLINK_MESSAGE_INFO_HOME_POSITION, MAVLINK_MESSAGE_INFO_SET_HOME_POSITION, MAVLINK_MESSAGE_INFO_MESSAGE_INTERVAL, MAVLINK_MESSAGE_INFO_EXTENDED_SYS_STATE, MAVLINK_MESSAGE_INFO_ADSB_VEHICLE, MAVLINK_MESSAGE_INFO_COLLISION, MAVLINK_MESSAGE_INFO_V2_EXTENSION, MAVLINK_MESSAGE_INFO_MEMORY_VECT, MAVLINK_MESSAGE_INFO_DEBUG_VECT, MAVLINK_MESSAGE_INFO_NAMED_VALUE_FLOAT, MAVLINK_MESSAGE_INFO_NAMED_VALUE_INT, MAVLINK_MESSAGE_INFO_STATUSTEXT, MAVLINK_MESSAGE_INFO_DEBUG, MAVLINK_MESSAGE_INFO_SETUP_SIGNING, MAVLINK_MESSAGE_INFO_BUTTON_CHANGE, MAVLINK_MESSAGE_INFO_PLAY_TUNE, MAVLINK_MESSAGE_INFO_CAMERA_INFORMATION, MAVLINK_MESSAGE_INFO_CAMERA_SETTINGS, MAVLINK_MESSAGE_INFO_STORAGE_INFORMATION, MAVLINK_MESSAGE_INFO_CAMERA_CAPTURE_STATUS, MAVLINK_MESSAGE_INFO_CAMERA_IMAGE_CAPTURED, MAVLINK_MESSAGE_INFO_FLIGHT_INFORMATION, MAVLINK_MESSAGE_INFO_MOUNT_ORIENTATION, MAVLINK_MESSAGE_INFO_LOGGING_DATA, MAVLINK_MESSAGE_INFO_LOGGING_DATA_ACKED, MAVLINK_MESSAGE_INFO_LOGGING_ACK, MAVLINK_MESSAGE_INFO_VIDEO_STREAM_INFORMATION, MAVLINK_MESSAGE_INFO_VIDEO_STREAM_STATUS, MAVLINK_MESSAGE_INFO_CAMERA_FOV_STATUS, MAVLINK_MESSAGE_INFO_CAMERA_TRACKING_IMAGE_STATUS, MAVLINK_MESSAGE_INFO_CAMERA_TRACKING_GEO_STATUS, MAVLINK_MESSAGE_INFO_GIMBAL_MANAGER_INFORMATION, MAVLINK_MESSAGE_INFO_GIMBAL_MANAGER_STATUS, MAVLINK_MESSAGE_INFO_GIMBAL_MANAGER_SET_ATTITUDE, MAVLINK_MESSAGE_INFO_GIMBAL_DEVICE_INFORMATION, MAVLINK_MESSAGE_INFO_GIMBAL_DEVICE_SET_ATTITUDE, MAVLINK_MESSAGE_INFO_GIMBAL_DEVICE_ATTITUDE_STATUS, MAVLINK_MESSAGE_INFO_AUTOPILOT_STATE_FOR_GIMBAL_DEVICE, MAVLINK_MESSAGE_INFO_GIMBAL_MANAGER_SET_PITCHYAW, MAVLINK_MESSAGE_INFO_GIMBAL_MANAGER_SET_MANUAL_CONTROL, MAVLINK_MESSAGE_INFO_ESC_INFO, MAVLINK_MESSAGE_INFO_ESC_STATUS, MAVLINK_MESSAGE_INFO_WIFI_CONFIG_AP, MAVLINK_MESSAGE_INFO_PROTOCOL_VERSION, MAVLINK_MESSAGE_INFO_AIS_VESSEL, MAVLINK_MESSAGE_INFO_UAVCAN_NODE_STATUS, MAVLINK_MESSAGE_INFO_UAVCAN_NODE_INFO, MAVLINK_MESSAGE_INFO_PARAM_EXT_REQUEST_READ, MAVLINK_MESSAGE_INFO_PARAM_EXT_REQUEST_LIST, MAVLINK_MESSAGE_INFO_PARAM_EXT_VALUE, MAVLINK_MESSAGE_INFO_PARAM_EXT_SET, MAVLINK_MESSAGE_INFO_PARAM_EXT_ACK, MAVLINK_MESSAGE_INFO_PARAM_EXT_VALUE_TRIMMED, MAVLINK_MESSAGE_INFO_PARAM_EXT_SET_TRIMMED, MAVLINK_MESSAGE_INFO_PARAM_EXT_ACK_TRIMMED, MAVLINK_MESSAGE_INFO_OBSTACLE_DISTANCE, MAVLINK_MESSAGE_INFO_ODOMETRY, MAVLINK_MESSAGE_INFO_TRAJECTORY_REPRESENTATION_WAYPOINTS, MAVLINK_MESSAGE_INFO_TRAJECTORY_REPRESENTATION_BEZIER, MAVLINK_MESSAGE_INFO_CELLULAR_STATUS, MAVLINK_MESSAGE_INFO_ISBD_LINK_STATUS, MAVLINK_MESSAGE_INFO_CELLULAR_CONFIG, MAVLINK_MESSAGE_INFO_RAW_RPM, MAVLINK_MESSAGE_INFO_UTM_GLOBAL_POSITION, MAVLINK_MESSAGE_INFO_DEBUG_FLOAT_ARRAY, MAVLINK_MESSAGE_INFO_ORBIT_EXECUTION_STATUS, MAVLINK_MESSAGE_INFO_SMART_BATTERY_INFO, MAVLINK_MESSAGE_INFO_GENERATOR_STATUS, MAVLINK_MESSAGE_INFO_ACTUATOR_OUTPUT_STATUS, MAVLINK_MESSAGE_INFO_TIME_ESTIMATE_TO_TARGET, MAVLINK_MESSAGE_INFO_TUNNEL, MAVLINK_MESSAGE_INFO_ONBOARD_COMPUTER_STATUS, MAVLINK_MESSAGE_INFO_COMPONENT_INFORMATION, MAVLINK_MESSAGE_INFO_PLAY_TUNE_V2, MAVLINK_MESSAGE_INFO_SUPPORTED_TUNES, MAVLINK_MESSAGE_INFO_WHEEL_DISTANCE, MAVLINK_MESSAGE_INFO_WINCH_STATUS, MAVLINK_MESSAGE_INFO_OPEN_DRONE_ID_BASIC_ID, MAVLINK_MESSAGE_INFO_OPEN_DRONE_ID_LOCATION, MAVLINK_MESSAGE_INFO_OPEN_DRONE_ID_AUTHENTICATION, MAVLINK_MESSAGE_INFO_OPEN_DRONE_ID_SELF_ID, MAVLINK_MESSAGE_INFO_OPEN_DRONE_ID_SYSTEM, MAVLINK_MESSAGE_INFO_OPEN_DRONE_ID_OPERATOR_ID, MAVLINK_MESSAGE_INFO_OPEN_DRONE_ID_MESSAGE_PACK}
 
In file included from [01m[K/home/asl/catkin_ws_ii/devel/include/mavlink/v2.0/ASLUAV/ASLUAV.h:266:0[m[K,
                 from [01m[K/home/asl/catkin_ws_ii/devel/include/mavlink/v2.0/ASLUAV/mavlink.h:32[m[K,
                 from [01m[K/home/asl/catkin_ws_ii/src/rotors_simulator/rotors_gazebo_plugins/include/rotors_gazebo_plugins/gazebo_mavlink_interface.h:69[m[K,
                 from [01m[K/home/asl/catkin_ws_ii/src/rotors_simulator/rotors_gazebo_plugins/src/gazebo_mavlink_interface.cpp:22[m[K:
[01m[K/home/asl/catkin_ws_ii/devel/include/mavlink/v2.0/ASLUAV/../common/common.h:2427:0:[m[K [01;36m[Knote: [m[Kthis is the location of the previous definition
 # define MAVLINK_MESSAGE_INFO {MAVLINK_MESSAGE_INFO_HEARTBEAT, MAVLINK_MESSAGE_INFO_SYS_STATUS, MAVLINK_MESSAGE_INFO_SYSTEM_TIME, MAVLINK_MESSAGE_INFO_PING, MAVLINK_MESSAGE_INFO_CHANGE_OPERATOR_CONTROL, MAVLINK_MESSAGE_INFO_CHANGE_OPERATOR_CONTROL_ACK, MAVLINK_MESSAGE_INFO_AUTH_KEY, MAVLINK_MESSAGE_INFO_LINK_NODE_STATUS, MAVLINK_MESSAGE_INFO_SET_MODE, MAVLINK_MESSAGE_INFO_PARAM_ACK_TRANSACTION, MAVLINK_MESSAGE_INFO_PARAM_REQUEST_READ, MAVLINK_MESSAGE_INFO_PARAM_REQUEST_LIST, MAVLINK_MESSAGE_INFO_PARAM_VALUE, MAVLINK_MESSAGE_INFO_PARAM_SET, MAVLINK_MESSAGE_INFO_GPS_RAW_INT, MAVLINK_MESSAGE_INFO_GPS_STATUS, MAVLINK_MESSAGE_INFO_SCALED_IMU, MAVLINK_MESSAGE_INFO_RAW_IMU, MAVLINK_MESSAGE_INFO_RAW_PRESSURE, MAVLINK_MESSAGE_INFO_SCALED_PRESSURE, MAVLINK_MESSAGE_INFO_ATTITUDE, MAVLINK_MESSAGE_INFO_ATTITUDE_QUATERNION, MAVLINK_MESSAGE_INFO_LOCAL_POSITION_NED, MAVLINK_MESSAGE_INFO_GLOBAL_POSITION_INT, MAVLINK_MESSAGE_INFO_RC_CHANNELS_SCALED, MAVLINK_MESSAGE_INFO_RC_CHANNELS_RAW, MAVLINK_MESSAGE_INFO_SERVO_OUTPUT_RAW, MAVLINK_MESSAGE_INFO_MISSION_REQUEST_PARTIAL_LIST, MAVLINK_MESSAGE_INFO_MISSION_WRITE_PARTIAL_LIST, MAVLINK_MESSAGE_INFO_MISSION_ITEM, MAVLINK_MESSAGE_INFO_MISSION_REQUEST, MAVLINK_MESSAGE_INFO_MISSION_SET_CURRENT, MAVLINK_MESSAGE_INFO_MISSION_CURRENT, MAVLINK_MESSAGE_INFO_MISSION_REQUEST_LIST, MAVLINK_MESSAGE_INFO_MISSION_COUNT, MAVLINK_MESSAGE_INFO_MISSION_CLEAR_ALL, MAVLINK_MESSAGE_INFO_MISSION_ITEM_REACHED, MAVLINK_MESSAGE_INFO_MISSION_ACK, MAVLINK_MESSAGE_INFO_SET_GPS_GLOBAL_ORIGIN, MAVLINK_MESSAGE_INFO_GPS_GLOBAL_ORIGIN, MAVLINK_MESSAGE_INFO_PARAM_MAP_RC, MAVLINK_MESSAGE_INFO_MISSION_REQUEST_INT, MAVLINK_MESSAGE_INFO_MISSION_CHANGED, MAVLINK_MESSAGE_INFO_SAFETY_SET_ALLOWED_AREA, MAVLINK_MESSAGE_INFO_SAFETY_ALLOWED_AREA, MAVLINK_MESSAGE_INFO_ATTITUDE_QUATERNION_COV, MAVLINK_MESSAGE_INFO_NAV_CONTROLLER_OUTPUT, MAVLINK_MESSAGE_INFO_GLOBAL_POSITION_INT_COV, MAVLINK_MESSAGE_INFO_LOCAL_POSITION_NED_COV, MAVLINK_MESSAGE_INFO_RC_CHANNELS, MAVLINK_MESSAGE_INFO_REQUEST_DATA_STREAM, MAVLINK_MESSAGE_INFO_DATA_STREAM, MAVLINK_MESSAGE_INFO_MANUAL_CONTROL, MAVLINK_MESSAGE_INFO_RC_CHANNELS_OVERRIDE, MAVLINK_MESSAGE_INFO_MISSION_ITEM_INT, MAVLINK_MESSAGE_INFO_VFR_HUD, MAVLINK_MESSAGE_INFO_COMMAND_INT, MAVLINK_MESSAGE_INFO_COMMAND_LONG, MAVLINK_MESSAGE_INFO_COMMAND_ACK, MAVLINK_MESSAGE_INFO_COMMAND_CANCEL, MAVLINK_MESSAGE_INFO_MANUAL_SETPOINT, MAVLINK_MESSAGE_INFO_SET_ATTITUDE_TARGET, MAVLINK_MESSAGE_INFO_ATTITUDE_TARGET, MAVLINK_MESSAGE_INFO_SET_POSITION_TARGET_LOCAL_NED, MAVLINK_MESSAGE_INFO_POSITION_TARGET_LOCAL_NED, MAVLINK_MESSAGE_INFO_SET_POSITION_TARGET_GLOBAL_INT, MAVLINK_MESSAGE_INFO_POSITION_TARGET_GLOBAL_INT, MAVLINK_MESSAGE_INFO_LOCAL_POSITION_NED_SYSTEM_GLOBAL_OFFSET, MAVLINK_MESSAGE_INFO_HIL_STATE, MAVLINK_MESSAGE_INFO_HIL_CONTROLS, MAVLINK_MESSAGE_INFO_HIL_RC_INPUTS_RAW, MAVLINK_MESSAGE_INFO_HIL_ACTUATOR_CONTROLS, MAVLINK_MESSAGE_INFO_OPTICAL_FLOW, MAVLINK_MESSAGE_INFO_GLOBAL_VISION_POSITION_ESTIMATE, MAVLINK_MESSAGE_INFO_VISION_POSITION_ESTIMATE, MAVLINK_MESSAGE_INFO_VISION_SPEED_ESTIMATE, MAVLINK_MESSAGE_INFO_VICON_POSITION_ESTIMATE, MAVLINK_MESSAGE_INFO_HIGHRES_IMU, MAVLINK_MESSAGE_INFO_OPTICAL_FLOW_RAD, MAVLINK_MESSAGE_INFO_HIL_SENSOR, MAVLINK_MESSAGE_INFO_SIM_STATE, MAVLINK_MESSAGE_INFO_RADIO_STATUS, MAVLINK_MESSAGE_INFO_FILE_TRANSFER_PROTOCOL, MAVLINK_MESSAGE_INFO_TIMESYNC, MAVLINK_MESSAGE_INFO_CAMERA_TRIGGER, MAVLINK_MESSAGE_INFO_HIL_GPS, MAVLINK_MESSAGE_INFO_HIL_OPTICAL_FLOW, MAVLINK_MESSAGE_INFO_HIL_STATE_QUATERNION, MAVLINK_MESSAGE_INFO_SCALED_IMU2, MAVLINK_MESSAGE_INFO_LOG_REQUEST_LIST, MAVLINK_MESSAGE_INFO_LOG_ENTRY, MAVLINK_MESSAGE_INFO_LOG_REQUEST_DATA, MAVLINK_MESSAGE_INFO_LOG_DATA, MAVLINK_MESSAGE_INFO_LOG_ERASE, MAVLINK_MESSAGE_INFO_LOG_REQUEST_END, MAVLINK_MESSAGE_INFO_GPS_INJECT_DATA, MAVLINK_MESSAGE_INFO_GPS2_RAW, MAVLINK_MESSAGE_INFO_POWER_STATUS, MAVLINK_MESSAGE_INFO_SERIAL_CONTROL, MAVLINK_MESSAGE_INFO_GPS_RTK, MAVLINK_MESSAGE_INFO_GPS2_RTK, MAVLINK_MESSAGE_INFO_SCALED_IMU3, MAVLINK_MESSAGE_INFO_DATA_TRANSMISSION_HANDSHAKE, MAVLINK_MESSAGE_INFO_ENCAPSULATED_DATA, MAVLINK_MESSAGE_INFO_DISTANCE_SENSOR, MAVLINK_MESSAGE_INFO_TERRAIN_REQUEST, MAVLINK_MESSAGE_INFO_TERRAIN_DATA, MAVLINK_MESSAGE_INFO_TERRAIN_CHECK, MAVLINK_MESSAGE_INFO_TERRAIN_REPORT, MAVLINK_MESSAGE_INFO_SCALED_PRESSURE2, MAVLINK_MESSAGE_INFO_ATT_POS_MOCAP, MAVLINK_MESSAGE_INFO_SET_ACTUATOR_CONTROL_TARGET, MAVLINK_MESSAGE_INFO_ACTUATOR_CONTROL_TARGET, MAVLINK_MESSAGE_INFO_ALTITUDE, MAVLINK_MESSAGE_INFO_RESOURCE_REQUEST, MAVLINK_MESSAGE_INFO_SCALED_PRESSURE3, MAVLINK_MESSAGE_INFO_FOLLOW_TARGET, MAVLINK_MESSAGE_INFO_CONTROL_SYSTEM_STATE, MAVLINK_MESSAGE_INFO_BATTERY_STATUS, MAVLINK_MESSAGE_INFO_AUTOPILOT_VERSION, MAVLINK_MESSAGE_INFO_LANDING_TARGET, MAVLINK_MESSAGE_INFO_FENCE_STATUS, MAVLINK_MESSAGE_INFO_MAG_CAL_REPORT, MAVLINK_MESSAGE_INFO_EFI_STATUS, MAVLINK_MESSAGE_INFO_ESTIMATOR_STATUS, MAVLINK_MESSAGE_INFO_WIND_COV, MAVLINK_MESSAGE_INFO_GPS_INPUT, MAVLINK_MESSAGE_INFO_GPS_RTCM_DATA, MAVLINK_MESSAGE_INFO_HIGH_LATENCY, MAVLINK_MESSAGE_INFO_HIGH_LATENCY2, MAVLINK_MESSAGE_INFO_VIBRATION, MAVLINK_MESSAGE_INFO_HOME_POSITION, MAVLINK_MESSAGE_INFO_SET_HOME_POSITION, MAVLINK_MESSAGE_INFO_MESSAGE_INTERVAL, MAVLINK_MESSAGE_INFO_EXTENDED_SYS_STATE, MAVLINK_MESSAGE_INFO_ADSB_VEHICLE, MAVLINK_MESSAGE_INFO_COLLISION, MAVLINK_MESSAGE_INFO_V2_EXTENSION, MAVLINK_MESSAGE_INFO_MEMORY_VECT, MAVLINK_MESSAGE_INFO_DEBUG_VECT, MAVLINK_MESSAGE_INFO_NAMED_VALUE_FLOAT, MAVLINK_MESSAGE_INFO_NAMED_VALUE_INT, MAVLINK_MESSAGE_INFO_STATUSTEXT, MAVLINK_MESSAGE_INFO_DEBUG, MAVLINK_MESSAGE_INFO_SETUP_SIGNING, MAVLINK_MESSAGE_INFO_BUTTON_CHANGE, MAVLINK_MESSAGE_INFO_PLAY_TUNE, MAVLINK_MESSAGE_INFO_CAMERA_INFORMATION, MAVLINK_MESSAGE_INFO_CAMERA_SETTINGS, MAVLINK_MESSAGE_INFO_STORAGE_INFORMATION, MAVLINK_MESSAGE_INFO_CAMERA_CAPTURE_STATUS, MAVLINK_MESSAGE_INFO_CAMERA_IMAGE_CAPTURED, MAVLINK_MESSAGE_INFO_FLIGHT_INFORMATION, MAVLINK_MESSAGE_INFO_MOUNT_ORIENTATION, MAVLINK_MESSAGE_INFO_LOGGING_DATA, MAVLINK_MESSAGE_INFO_LOGGING_DATA_ACKED, MAVLINK_MESSAGE_INFO_LOGGING_ACK, MAVLINK_MESSAGE_INFO_VIDEO_STREAM_INFORMATION, MAVLINK_MESSAGE_INFO_VIDEO_STREAM_STATUS, MAVLINK_MESSAGE_INFO_CAMERA_FOV_STATUS, MAVLINK_MESSAGE_INFO_CAMERA_TRACKING_IMAGE_STATUS, MAVLINK_MESSAGE_INFO_CAMERA_TRACKING_GEO_STATUS, MAVLINK_MESSAGE_INFO_GIMBAL_MANAGER_INFORMATION, MAVLINK_MESSAGE_INFO_GIMBAL_MANAGER_STATUS, MAVLINK_MESSAGE_INFO_GIMBAL_MANAGER_SET_ATTITUDE, MAVLINK_MESSAGE_INFO_GIMBAL_DEVICE_INFORMATION, MAVLINK_MESSAGE_INFO_GIMBAL_DEVICE_SET_ATTITUDE, MAVLINK_MESSAGE_INFO_GIMBAL_DEVICE_ATTITUDE_STATUS, MAVLINK_MESSAGE_INFO_AUTOPILOT_STATE_FOR_GIMBAL_DEVICE, MAVLINK_MESSAGE_INFO_GIMBAL_MANAGER_SET_PITCHYAW, MAVLINK_MESSAGE_INFO_GIMBAL_MANAGER_SET_MANUAL_CONTROL, MAVLINK_MESSAGE_INFO_ESC_INFO, MAVLINK_MESSAGE_INFO_ESC_STATUS, MAVLINK_MESSAGE_INFO_WIFI_CONFIG_AP, MAVLINK_MESSAGE_INFO_PROTOCOL_VERSION, MAVLINK_MESSAGE_INFO_AIS_VESSEL, MAVLINK_MESSAGE_INFO_UAVCAN_NODE_STATUS, MAVLINK_MESSAGE_INFO_UAVCAN_NODE_INFO, MAVLINK_MESSAGE_INFO_PARAM_EXT_REQUEST_READ, MAVLINK_MESSAGE_INFO_PARAM_EXT_REQUEST_LIST, MAVLINK_MESSAGE_INFO_PARAM_EXT_VALUE, MAVLINK_MESSAGE_INFO_PARAM_EXT_SET, MAVLINK_MESSAGE_INFO_PARAM_EXT_ACK, MAVLINK_MESSAGE_INFO_PARAM_EXT_VALUE_TRIMMED, MAVLINK_MESSAGE_INFO_PARAM_EXT_SET_TRIMMED, MAVLINK_MESSAGE_INFO_PARAM_EXT_ACK_TRIMMED, MAVLINK_MESSAGE_INFO_OBSTACLE_DISTANCE, MAVLINK_MESSAGE_INFO_ODOMETRY, MAVLINK_MESSAGE_INFO_TRAJECTORY_REPRESENTATION_WAYPOINTS, MAVLINK_MESSAGE_INFO_TRAJECTORY_REPRESENTATION_BEZIER, MAVLINK_MESSAGE_INFO_CELLULAR_STATUS, MAVLINK_MESSAGE_INFO_ISBD_LINK_STATUS, MAVLINK_MESSAGE_INFO_CELLULAR_CONFIG, MAVLINK_MESSAGE_INFO_RAW_RPM, MAVLINK_MESSAGE_INFO_UTM_GLOBAL_POSITION, MAVLINK_MESSAGE_INFO_DEBUG_FLOAT_ARRAY, MAVLINK_MESSAGE_INFO_ORBIT_EXECUTION_STATUS, MAVLINK_MESSAGE_INFO_SMART_BATTERY_INFO, MAVLINK_MESSAGE_INFO_GENERATOR_STATUS, MAVLINK_MESSAGE_INFO_ACTUATOR_OUTPUT_STATUS, MAVLINK_MESSAGE_INFO_TIME_ESTIMATE_TO_TARGET, MAVLINK_MESSAGE_INFO_TUNNEL, MAVLINK_MESSAGE_INFO_ONBOARD_COMPUTER_STATUS, MAVLINK_MESSAGE_INFO_COMPONENT_INFORMATION, MAVLINK_MESSAGE_INFO_PLAY_TUNE_V2, MAVLINK_MESSAGE_INFO_SUPPORTED_TUNES, MAVLINK_MESSAGE_INFO_WHEEL_DISTANCE, MAVLINK_MESSAGE_INFO_WINCH_STATUS, MAVLINK_MESSAGE_INFO_OPEN_DRONE_ID_BASIC_ID, MAVLINK_MESSAGE_INFO_OPEN_DRONE_ID_LOCATION, MAVLINK_MESSAGE_INFO_OPEN_DRONE_ID_AUTHENTICATION, MAVLINK_MESSAGE_INFO_OPEN_DRONE_ID_SELF_ID, MAVLINK_MESSAGE_INFO_OPEN_DRONE_ID_SYSTEM, MAVLINK_MESSAGE_INFO_OPEN_DRONE_ID_OPERATOR_ID, MAVLINK_MESSAGE_INFO_OPEN_DRONE_ID_MESSAGE_PACK}
 
In file included from [01m[K/home/asl/catkin_ws_ii/devel/include/mavlink/v2.0/ASLUAV/mavlink.h:32:0[m[K,
                 from [01m[K/home/asl/catkin_ws_ii/src/rotors_simulator/rotors_gazebo_plugins/include/rotors_gazebo_plugins/gazebo_mavlink_interface.h:69[m[K,
                 from [01m[K/home/asl/catkin_ws_ii/src/rotors_simulator/rotors_gazebo_plugins/src/gazebo_mavlink_interface.cpp:22[m[K:
[01m[K/home/asl/catkin_ws_ii/devel/include/mavlink/v2.0/ASLUAV/ASLUAV.h:273:0:[m[K [01;35m[Kwarning: [m[K"MAVLINK_MESSAGE_NAMES" redefined
 # define MAVLINK_MESSAGE_NAMES {{ "ACTUATOR_CONTROL_TARGET", 140 }, { "ACTUATOR_OUTPUT_STATUS", 375 }, { "ADSB_VEHICLE", 246 }, { "AIS_VESSEL", 301 }, { "ALTITUDE", 141 }, { "ASLCTRL_DATA", 203 }, { "ASLCTRL_DEBUG", 204 }, { "ASLUAV_STATUS", 205 }, { "ASL_OBCTRL", 207 }, { "ATTITUDE", 30 }, { "ATTITUDE_QUATERNION", 31 }, { "ATTITUDE_QUATERNION_COV", 61 }, { "ATTITUDE_TARGET", 83 }, { "ATT_POS_MOCAP", 138 }, { "AUTH_KEY", 7 }, { "AUTOPILOT_STATE_FOR_GIMBAL_DEVICE", 286 }, { "AUTOPILOT_VERSION", 148 }, { "BATTERY_STATUS", 147 }, { "BUTTON_CHANGE", 257 }, { "CAMERA_CAPTURE_STATUS", 262 }, { "CAMERA_FOV_STATUS", 271 }, { "CAMERA_IMAGE_CAPTURED", 263 }, { "CAMERA_INFORMATION", 259 }, { "CAMERA_SETTINGS", 260 }, { "CAMERA_TRACKING_GEO_STATUS", 276 }, { "CAMERA_TRACKING_IMAGE_STATUS", 275 }, { "CAMERA_TRIGGER", 112 }, { "CELLULAR_CONFIG", 336 }, { "CELLULAR_STATUS", 334 }, { "CHANGE_OPERATOR_CONTROL", 5 }, { "CHANGE_OPERATOR_CONTROL_ACK", 6 }, { "COLLISION", 247 }, { "COMMAND_ACK", 77 }, { "COMMAND_CANCEL", 80 }, { "COMMAND_INT", 75 }, { "COMMAND_INT_STAMPED", 78 }, { "COMMAND_LONG", 76 }, { "COMMAND_LONG_STAMPED", 79 }, { "COMPONENT_INFORMATION", 395 }, { "CONTROL_SYSTEM_STATE", 146 }, { "DATA_STREAM", 67 }, { "DATA_TRANSMISSION_HANDSHAKE", 130 }, { "DEBUG", 254 }, { "DEBUG_FLOAT_ARRAY", 350 }, { "DEBUG_VECT", 250 }, { "DISTANCE_SENSOR", 132 }, { "EFI_STATUS", 225 }, { "EKF_EXT", 206 }, { "ENCAPSULATED_DATA", 131 }, { "ESC_INFO", 290 }, { "ESC_STATUS", 291 }, { "ESTIMATOR_STATUS", 230 }, { "EXTENDED_SYS_STATE", 245 }, { "FENCE_STATUS", 162 }, { "FILE_TRANSFER_PROTOCOL", 110 }, { "FLIGHT_INFORMATION", 264 }, { "FOLLOW_TARGET", 144 }, { "FW_SOARING_DATA", 210 }, { "GENERATOR_STATUS", 373 }, { "GIMBAL_DEVICE_ATTITUDE_STATUS", 285 }, { "GIMBAL_DEVICE_INFORMATION", 283 }, { "GIMBAL_DEVICE_SET_ATTITUDE", 284 }, { "GIMBAL_MANAGER_INFORMATION", 280 }, { "GIMBAL_MANAGER_SET_ATTITUDE", 282 }, { "GIMBAL_MANAGER_SET_MANUAL_CONTROL", 288 }, { "GIMBAL_MANAGER_SET_PITCHYAW", 287 }, { "GIMBAL_MANAGER_STATUS", 281 }, { "GLOBAL_POSITION_INT", 33 }, { "GLOBAL_POSITION_INT_COV", 63 }, { "GLOBAL_VISION_POSITION_ESTIMATE", 101 }, { "GPS2_RAW", 124 }, { "GPS2_RTK", 128 }, { "GPS_GLOBAL_ORIGIN", 49 }, { "GPS_INJECT_DATA", 123 }, { "GPS_INPUT", 232 }, { "GPS_RAW_INT", 24 }, { "GPS_RTCM_DATA", 233 }, { "GPS_RTK", 127 }, { "GPS_STATUS", 25 }, { "GSM_LINK_STATUS", 213 }, { "HEARTBEAT", 0 }, { "HIGHRES_IMU", 105 }, { "HIGH_LATENCY", 234 }, { "HIGH_LATENCY2", 235 }, { "HIL_ACTUATOR_CONTROLS", 93 }, { "HIL_CONTROLS", 91 }, { "HIL_GPS", 113 }, { "HIL_OPTICAL_FLOW", 114 }, { "HIL_RC_INPUTS_RAW", 92 }, { "HIL_SENSOR", 107 }, { "HIL_STATE", 90 }, { "HIL_STATE_QUATERNION", 115 }, { "HOME_POSITION", 242 }, { "ISBD_LINK_STATUS", 335 }, { "LANDING_TARGET", 149 }, { "LINK_NODE_STATUS", 8 }, { "LOCAL_POSITION_NED", 32 }, { "LOCAL_POSITION_NED_COV", 64 }, { "LOCAL_POSITION_NED_SYSTEM_GLOBAL_OFFSET", 89 }, { "LOGGING_ACK", 268 }, { "LOGGING_DATA", 266 }, { "LOGGING_DATA_ACKED", 267 }, { "LOG_DATA", 120 }, { "LOG_ENTRY", 118 }, { "LOG_ERASE", 121 }, { "LOG_REQUEST_DATA", 119 }, { "LOG_REQUEST_END", 122 }, { "LOG_REQUEST_LIST", 117 }, { "MAG_CAL_REPORT", 192 }, { "MANUAL_CONTROL", 69 }, { "MANUAL_SETPOINT", 81 }, { "MEMORY_VECT", 249 }, { "MESSAGE_INTERVAL", 244 }, { "MISSION_ACK", 47 }, { "MISSION_CHANGED", 52 }, { "MISSION_CLEAR_ALL", 45 }, { "MISSION_COUNT", 44 }, { "MISSION_CURRENT", 42 }, { "MISSION_ITEM", 39 }, { "MISSION_ITEM_INT", 73 }, { "MISSION_ITEM_REACHED", 46 }, { "MISSION_REQUEST", 40 }, { "MISSION_REQUEST_INT", 51 }, { "MISSION_REQUEST_LIST", 43 }, { "MISSION_REQUEST_PARTIAL_LIST", 37 }, { "MISSION_SET_CURRENT", 41 }, { "MISSION_WRITE_PARTIAL_LIST", 38 }, { "MOUNT_ORIENTATION", 265 }, { "NAMED_VALUE_FLOAT", 251 }, { "NAMED_VALUE_INT", 252 }, { "NAV_CONTROLLER_OUTPUT", 62 }, { "OBSTACLE_DISTANCE", 330 }, { "ODOMETRY", 331 }, { "ONBOARD_COMPUTER_STATUS", 390 }, { "OPEN_DRONE_ID_AUTHENTICATION", 12902 }, { "OPEN_DRONE_ID_BASIC_ID", 12900 }, { "OPEN_DRONE_ID_LOCATION", 12901 }, { "OPEN_DRONE_ID_MESSAGE_PACK", 12915 }, { "OPEN_DRONE_ID_OPERATOR_ID", 12905 }, { "OPEN_DRONE_ID_SELF_ID", 12903 }, { "OPEN_DRONE_ID_SYSTEM", 12904 }, { "OPTICAL_FLOW", 100 }, { "OPTICAL_FLOW_RAD", 106 }, { "ORBIT_EXECUTION_STATUS", 360 }, { "PARAM_ACK_TRANSACTION", 19 }, { "PARAM_EXT_ACK", 324 }, { "PARAM_EXT_ACK_TRIMMED", 327 }, { "PARAM_EXT_REQUEST_LIST", 321 }, { "PARAM_EXT_REQUEST_READ", 320 }, { "PARAM_EXT_SET", 323 }, { "PARAM_EXT_SET_TRIMMED", 326 }, { "PARAM_EXT_VALUE", 322 }, { "PARAM_EXT_VALUE_TRIMMED", 325 }, { "PARAM_MAP_RC", 50 }, { "PARAM_REQUEST_LIST", 21 }, { "PARAM_REQUEST_READ", 20 }, { "PARAM_SET", 23 }, { "PARAM_VALUE", 22 }, { "PING", 4 }, { "PLAY_TUNE", 258 }, { "PLAY_TUNE_V2", 400 }, { "POSITION_TARGET_GLOBAL_INT", 87 }, { "POSITION_TARGET_LOCAL_NED", 85 }, { "POWER_STATUS", 125 }, { "PROTOCOL_VERSION", 300 }, { "RADIO_STATUS", 109 }, { "RAW_IMU", 27 }, { "RAW_PRESSURE", 28 }, { "RAW_RPM", 339 }, { "RC_CHANNELS", 65 }, { "RC_CHANNELS_OVERRIDE", 70 }, { "RC_CHANNELS_RAW", 35 }, { "RC_CHANNELS_SCALED", 34 }, { "REQUEST_DATA_STREAM", 66 }, { "RESOURCE_REQUEST", 142 }, { "SAFETY_ALLOWED_AREA", 55 }, { "SAFETY_SET_ALLOWED_AREA", 54 }, { "SCALED_IMU", 26 }, { "SCALED_IMU2", 116 }, { "SCALED_IMU3", 129 }, { "SCALED_PRESSURE", 29 }, { "SCALED_PRESSURE2", 137 }, { "SCALED_PRESSURE3", 143 }, { "SENSORPOD_STATUS", 211 }, { "SENS_ATMOS", 208 }, { "SENS_BATMON", 209 }, { "SENS_MPPT", 202 }, { "SENS_POWER", 201 }, { "SENS_POWER_BOARD", 212 }, { "SERIAL_CONTROL", 126 }, { "SERVO_OUTPUT_RAW", 36 }, { "SETUP_SIGNING", 256 }, { "SET_ACTUATOR_CONTROL_TARGET", 139 }, { "SET_ATTITUDE_TARGET", 82 }, { "SET_GPS_GLOBAL_ORIGIN", 48 }, { "SET_HOME_POSITION", 243 }, { "SET_MODE", 11 }, { "SET_POSITION_TARGET_GLOBAL_INT", 86 }, { "SET_POSITION_TARGET_LOCAL_NED", 84 }, { "SIM_STATE", 108 }, { "SMART_BATTERY_INFO", 370 }, { "STATUSTEXT", 253 }, { "STORAGE_INFORMATION", 261 }, { "SUPPORTED_TUNES", 401 }, { "SYSTEM_TIME", 2 }, { "SYS_STATUS", 1 }, { "TERRAIN_CHECK", 135 }, { "TERRAIN_DATA", 134 }, { "TERRAIN_REPORT", 136 }, { "TERRAIN_REQUEST", 133 }, { "TIMESYNC", 111 }, { "TIME_ESTIMATE_TO_TARGET", 380 }, { "TRAJECTORY_REPRESENTATION_BEZIER", 333 }, { "TRAJECTORY_REPRESENTATION_WAYPOINTS", 332 }, { "TUNNEL", 385 }, { "UAVCAN_NODE_INFO", 311 }, { "UAVCAN_NODE_STATUS", 310 }, { "UTM_GLOBAL_POSITION", 340 }, { "V2_EXTENSION", 248 }, { "VFR_HUD", 74 }, { "VIBRATION", 241 }, { "VICON_POSITION_ESTIMATE", 104 }, { "VIDEO_STREAM_INFORMATION", 269 }, { "VIDEO_STREAM_STATUS", 270 }, { "VISION_POSITION_ESTIMATE", 102 }, { "VISION_SPEED_ESTIMATE", 103 }, { "WHEEL_DISTANCE", 9000 }, { "WIFI_CONFIG_AP", 299 }, { "WINCH_STATUS", 9005 }, { "WIND_COV", 231 }}
 
In file included from [01m[K/home/asl/catkin_ws_ii/devel/include/mavlink/v2.0/ASLUAV/ASLUAV.h:266:0[m[K,
                 from [01m[K/home/asl/catkin_ws_ii/devel/include/mavlink/v2.0/ASLUAV/mavlink.h:32[m[K,
                 from [01m[K/home/asl/catkin_ws_ii/src/rotors_simulator/rotors_gazebo_plugins/include/rotors_gazebo_plugins/gazebo_mavlink_interface.h:69[m[K,
                 from [01m[K/home/asl/catkin_ws_ii/src/rotors_simulator/rotors_gazebo_plugins/src/gazebo_mavlink_interface.cpp:22[m[K:
[01m[K/home/asl/catkin_ws_ii/devel/include/mavlink/v2.0/ASLUAV/../common/common.h:2428:0:[m[K [01;36m[Knote: [m[Kthis is the location of the previous definition
 # define MAVLINK_MESSAGE_NAMES {{ "ACTUATOR_CONTROL_TARGET", 140 }, { "ACTUATOR_OUTPUT_STATUS", 375 }, { "ADSB_VEHICLE", 246 }, { "AIS_VESSEL", 301 }, { "ALTITUDE", 141 }, { "ATTITUDE", 30 }, { "ATTITUDE_QUATERNION", 31 }, { "ATTITUDE_QUATERNION_COV", 61 }, { "ATTITUDE_TARGET", 83 }, { "ATT_POS_MOCAP", 138 }, { "AUTH_KEY", 7 }, { "AUTOPILOT_STATE_FOR_GIMBAL_DEVICE", 286 }, { "AUTOPILOT_VERSION", 148 }, { "BATTERY_STATUS", 147 }, { "BUTTON_CHANGE", 257 }, { "CAMERA_CAPTURE_STATUS", 262 }, { "CAMERA_FOV_STATUS", 271 }, { "CAMERA_IMAGE_CAPTURED", 263 }, { "CAMERA_INFORMATION", 259 }, { "CAMERA_SETTINGS", 260 }, { "CAMERA_TRACKING_GEO_STATUS", 276 }, { "CAMERA_TRACKING_IMAGE_STATUS", 275 }, { "CAMERA_TRIGGER", 112 }, { "CELLULAR_CONFIG", 336 }, { "CELLULAR_STATUS", 334 }, { "CHANGE_OPERATOR_CONTROL", 5 }, { "CHANGE_OPERATOR_CONTROL_ACK", 6 }, { "COLLISION", 247 }, { "COMMAND_ACK", 77 }, { "COMMAND_CANCEL", 80 }, { "COMMAND_INT", 75 }, { "COMMAND_LONG", 76 }, { "COMPONENT_INFORMATION", 395 }, { "CONTROL_SYSTEM_STATE", 146 }, { "DATA_STREAM", 67 }, { "DATA_TRANSMISSION_HANDSHAKE", 130 }, { "DEBUG", 254 }, { "DEBUG_FLOAT_ARRAY", 350 }, { "DEBUG_VECT", 250 }, { "DISTANCE_SENSOR", 132 }, { "EFI_STATUS", 225 }, { "ENCAPSULATED_DATA", 131 }, { "ESC_INFO", 290 }, { "ESC_STATUS", 291 }, { "ESTIMATOR_STATUS", 230 }, { "EXTENDED_SYS_STATE", 245 }, { "FENCE_STATUS", 162 }, { "FILE_TRANSFER_PROTOCOL", 110 }, { "FLIGHT_INFORMATION", 264 }, { "FOLLOW_TARGET", 144 }, { "GENERATOR_STATUS", 373 }, { "GIMBAL_DEVICE_ATTITUDE_STATUS", 285 }, { "GIMBAL_DEVICE_INFORMATION", 283 }, { "GIMBAL_DEVICE_SET_ATTITUDE", 284 }, { "GIMBAL_MANAGER_INFORMATION", 280 }, { "GIMBAL_MANAGER_SET_ATTITUDE", 282 }, { "GIMBAL_MANAGER_SET_MANUAL_CONTROL", 288 }, { "GIMBAL_MANAGER_SET_PITCHYAW", 287 }, { "GIMBAL_MANAGER_STATUS", 281 }, { "GLOBAL_POSITION_INT", 33 }, { "GLOBAL_POSITION_INT_COV", 63 }, { "GLOBAL_VISION_POSITION_ESTIMATE", 101 }, { "GPS2_RAW", 124 }, { "GPS2_RTK", 128 }, { "GPS_GLOBAL_ORIGIN", 49 }, { "GPS_INJECT_DATA", 123 }, { "GPS_INPUT", 232 }, { "GPS_RAW_INT", 24 }, { "GPS_RTCM_DATA", 233 }, { "GPS_RTK", 127 }, { "GPS_STATUS", 25 }, { "HEARTBEAT", 0 }, { "HIGHRES_IMU", 105 }, { "HIGH_LATENCY", 234 }, { "HIGH_LATENCY2", 235 }, { "HIL_ACTUATOR_CONTROLS", 93 }, { "HIL_CONTROLS", 91 }, { "HIL_GPS", 113 }, { "HIL_OPTICAL_FLOW", 114 }, { "HIL_RC_INPUTS_RAW", 92 }, { "HIL_SENSOR", 107 }, { "HIL_STATE", 90 }, { "HIL_STATE_QUATERNION", 115 }, { "HOME_POSITION", 242 }, { "ISBD_LINK_STATUS", 335 }, { "LANDING_TARGET", 149 }, { "LINK_NODE_STATUS", 8 }, { "LOCAL_POSITION_NED", 32 }, { "LOCAL_POSITION_NED_COV", 64 }, { "LOCAL_POSITION_NED_SYSTEM_GLOBAL_OFFSET", 89 }, { "LOGGING_ACK", 268 }, { "LOGGING_DATA", 266 }, { "LOGGING_DATA_ACKED", 267 }, { "LOG_DATA", 120 }, { "LOG_ENTRY", 118 }, { "LOG_ERASE", 121 }, { "LOG_REQUEST_DATA", 119 }, { "LOG_REQUEST_END", 122 }, { "LOG_REQUEST_LIST", 117 }, { "MAG_CAL_REPORT", 192 }, { "MANUAL_CONTROL", 69 }, { "MANUAL_SETPOINT", 81 }, { "MEMORY_VECT", 249 }, { "MESSAGE_INTERVAL", 244 }, { "MISSION_ACK", 47 }, { "MISSION_CHANGED", 52 }, { "MISSION_CLEAR_ALL", 45 }, { "MISSION_COUNT", 44 }, { "MISSION_CURRENT", 42 }, { "MISSION_ITEM", 39 }, { "MISSION_ITEM_INT", 73 }, { "MISSION_ITEM_REACHED", 46 }, { "MISSION_REQUEST", 40 }, { "MISSION_REQUEST_INT", 51 }, { "MISSION_REQUEST_LIST", 43 }, { "MISSION_REQUEST_PARTIAL_LIST", 37 }, { "MISSION_SET_CURRENT", 41 }, { "MISSION_WRITE_PARTIAL_LIST", 38 }, { "MOUNT_ORIENTATION", 265 }, { "NAMED_VALUE_FLOAT", 251 }, { "NAMED_VALUE_INT", 252 }, { "NAV_CONTROLLER_OUTPUT", 62 }, { "OBSTACLE_DISTANCE", 330 }, { "ODOMETRY", 331 }, { "ONBOARD_COMPUTER_STATUS", 390 }, { "OPEN_DRONE_ID_AUTHENTICATION", 12902 }, { "OPEN_DRONE_ID_BASIC_ID", 12900 }, { "OPEN_DRONE_ID_LOCATION", 12901 }, { "OPEN_DRONE_ID_MESSAGE_PACK", 12915 }, { "OPEN_DRONE_ID_OPERATOR_ID", 12905 }, { "OPEN_DRONE_ID_SELF_ID", 12903 }, { "OPEN_DRONE_ID_SYSTEM", 12904 }, { "OPTICAL_FLOW", 100 }, { "OPTICAL_FLOW_RAD", 106 }, { "ORBIT_EXECUTION_STATUS", 360 }, { "PARAM_ACK_TRANSACTION", 19 }, { "PARAM_EXT_ACK", 324 }, { "PARAM_EXT_ACK_TRIMMED", 327 }, { "PARAM_EXT_REQUEST_LIST", 321 }, { "PARAM_EXT_REQUEST_READ", 320 }, { "PARAM_EXT_SET", 323 }, { "PARAM_EXT_SET_TRIMMED", 326 }, { "PARAM_EXT_VALUE", 322 }, { "PARAM_EXT_VALUE_TRIMMED", 325 }, { "PARAM_MAP_RC", 50 }, { "PARAM_REQUEST_LIST", 21 }, { "PARAM_REQUEST_READ", 20 }, { "PARAM_SET", 23 }, { "PARAM_VALUE", 22 }, { "PING", 4 }, { "PLAY_TUNE", 258 }, { "PLAY_TUNE_V2", 400 }, { "POSITION_TARGET_GLOBAL_INT", 87 }, { "POSITION_TARGET_LOCAL_NED", 85 }, { "POWER_STATUS", 125 }, { "PROTOCOL_VERSION", 300 }, { "RADIO_STATUS", 109 }, { "RAW_IMU", 27 }, { "RAW_PRESSURE", 28 }, { "RAW_RPM", 339 }, { "RC_CHANNELS", 65 }, { "RC_CHANNELS_OVERRIDE", 70 }, { "RC_CHANNELS_RAW", 35 }, { "RC_CHANNELS_SCALED", 34 }, { "REQUEST_DATA_STREAM", 66 }, { "RESOURCE_REQUEST", 142 }, { "SAFETY_ALLOWED_AREA", 55 }, { "SAFETY_SET_ALLOWED_AREA", 54 }, { "SCALED_IMU", 26 }, { "SCALED_IMU2", 116 }, { "SCALED_IMU3", 129 }, { "SCALED_PRESSURE", 29 }, { "SCALED_PRESSURE2", 137 }, { "SCALED_PRESSURE3", 143 }, { "SERIAL_CONTROL", 126 }, { "SERVO_OUTPUT_RAW", 36 }, { "SETUP_SIGNING", 256 }, { "SET_ACTUATOR_CONTROL_TARGET", 139 }, { "SET_ATTITUDE_TARGET", 82 }, { "SET_GPS_GLOBAL_ORIGIN", 48 }, { "SET_HOME_POSITION", 243 }, { "SET_MODE", 11 }, { "SET_POSITION_TARGET_GLOBAL_INT", 86 }, { "SET_POSITION_TARGET_LOCAL_NED", 84 }, { "SIM_STATE", 108 }, { "SMART_BATTERY_INFO", 370 }, { "STATUSTEXT", 253 }, { "STORAGE_INFORMATION", 261 }, { "SUPPORTED_TUNES", 401 }, { "SYSTEM_TIME", 2 }, { "SYS_STATUS", 1 }, { "TERRAIN_CHECK", 135 }, { "TERRAIN_DATA", 134 }, { "TERRAIN_REPORT", 136 }, { "TERRAIN_REQUEST", 133 }, { "TIMESYNC", 111 }, { "TIME_ESTIMATE_TO_TARGET", 380 }, { "TRAJECTORY_REPRESENTATION_BEZIER", 333 }, { "TRAJECTORY_REPRESENTATION_WAYPOINTS", 332 }, { "TUNNEL", 385 }, { "UAVCAN_NODE_INFO", 311 }, { "UAVCAN_NODE_STATUS", 310 }, { "UTM_GLOBAL_POSITION", 340 }, { "V2_EXTENSION", 248 }, { "VFR_HUD", 74 }, { "VIBRATION", 241 }, { "VICON_POSITION_ESTIMATE", 104 }, { "VIDEO_STREAM_INFORMATION", 269 }, { "VIDEO_STREAM_STATUS", 270 }, { "VISION_POSITION_ESTIMATE", 102 }, { "VISION_SPEED_ESTIMATE", 103 }, { "WHEEL_DISTANCE", 9000 }, { "WIFI_CONFIG_AP", 299 }, { "WINCH_STATUS", 9005 }, { "WIND_COV", 231 }}
 
[ 83%] [32m[1mLinking CXX shared library /home/asl/catkin_ws_ii/devel/lib/librotors_gazebo_multirotor_base_plugin.so[0m
[ 83%] [32m[1mLinking CXX shared library /home/asl/catkin_ws_ii/devel/lib/librotors_gazebo_mavlink_interface_tmp.so[0m
[ 83%] Built target rotors_gazebo_multirotor_base_plugin
[ 83%] [32mBuilding CXX object CMakeFiles/rotors_gazebo_noisydepth_plugin.dir/src/depth_noise_model.cpp.o[0m
[ 83%] Built target rotors_gazebo_mavlink_interface_tmp
[35m[1mScanning dependencies of target rotors_gazebo_odometry_plugin[0m
[35m[1mScanning dependencies of target rotors_gazebo_propulsion_plugin[0m
[ 84%] [32mBuilding CXX object CMakeFiles/rotors_gazebo_odometry_plugin.dir/src/gazebo_odometry_plugin.cpp.o[0m
[ 85%] [32mBuilding CXX object CMakeFiles/rotors_gazebo_propulsion_plugin.dir/src/gazebo_propulsion_plugin.cpp.o[0m
[ 85%] [32m[1mLinking CXX shared library /home/asl/catkin_ws_ii/devel/lib/librotors_gazebo_tracking_cam_plugin.so[0m
[35m[1mScanning dependencies of target rotors_gazebo_template_plugin[0m
[ 86%] [32mBuilding CXX object CMakeFiles/rotors_gazebo_template_plugin.dir/src/gazebo_template_plugin.cpp.o[0m
[01m[K/home/asl/catkin_ws_ii/src/rotors_simulator/rotors_gazebo_plugins/src/gazebo_mavlink_interface.cpp:[m[K In member function ‘[01m[Kvoid gazebo::GazeboMavlinkInterface::VaneCallback(gazebo::VanePtr&)[m[K’:
[01m[K/home/asl/catkin_ws_ii/src/rotors_simulator/rotors_gazebo_plugins/src/gazebo_mavlink_interface.cpp:988:3:[m[K [01;31m[Kerror: [m[K‘[01m[Kmavlink_hil_extended_t[m[K’ was not declared in this scope
   [01;31m[Kmavlink_hil_extended_t[m[K hil_extended_msg;
   [01;31m[K^~~~~~~~~~~~~~~~~~~~~~[m[K
[01m[K/home/asl/catkin_ws_ii/src/rotors_simulator/rotors_gazebo_plugins/src/gazebo_mavlink_interface.cpp:988:3:[m[K [01;36m[Knote: [m[Ksuggested alternative: ‘[01m[Kmavlink_hil_sensor_t[m[K’
   [01;36m[Kmavlink_hil_extended_t[m[K hil_extended_msg;
   [01;36m[K^~~~~~~~~~~~~~~~~~~~~~[m[K
   [32m[Kmavlink_hil_sensor_t[m[K
[01m[K/home/asl/catkin_ws_ii/src/rotors_simulator/rotors_gazebo_plugins/src/gazebo_mavlink_interface.cpp:991:3:[m[K [01;31m[Kerror: [m[K‘[01m[Khil_extended_msg[m[K’ was not declared in this scope
   [01;31m[Khil_extended_msg[m[K.timestamp = world_->SimTime().Double() * 1e6;
   [01;31m[K^~~~~~~~~~~~~~~~[m[K
[01m[K/home/asl/catkin_ws_ii/src/rotors_simulator/rotors_gazebo_plugins/src/gazebo_mavlink_interface.cpp:1006:3:[m[K [01;31m[Kerror: [m[K‘[01m[Kmavlink_msg_hil_extended_encode_chan[m[K’ was not declared in this scope
   [01;31m[Kmavlink_msg_hil_extended_encode_chan[m[K(1, 200, MAVLINK_COMM_0, &msg, &hil_extended_msg);
   [01;31m[K^~~~~~~~~~~~~~~~~~~~~~~~~~~~~~~~~~~~[m[K
[01m[K/home/asl/catkin_ws_ii/src/rotors_simulator/rotors_gazebo_plugins/src/gazebo_mavlink_interface.cpp:1006:3:[m[K [01;36m[Knote: [m[Ksuggested alternative: ‘[01m[Kmavlink_msg_hil_sensor_encode_chan[m[K’
   [01;36m[Kmavlink_msg_hil_extended_encode_chan[m[K(1, 200, MAVLINK_COMM_0, &msg, &hil_extended_msg);
   [01;36m[K^~~~~~~~~~~~~~~~~~~~~~~~~~~~~~~~~~~~[m[K
   [32m[Kmavlink_msg_hil_sensor_encode_chan[m[K
[ 86%] Built target rotors_gazebo_tracking_cam_plugin
[35m[1mScanning dependencies of target rotors_gazebo_template_sensor_plugin[0m
[ 88%] [32mBuilding CXX object CMakeFiles/rotors_gazebo_template_sensor_plugin.dir/src/gazebo_template_sensor_plugin.cpp.o[0m
[ 89%] [32m[1mLinking CXX shared library /home/asl/catkin_ws_ii/devel/lib/librotors_gazebo_lidar_plugin.so[0m
CMakeFiles/rotors_gazebo_mavlink_interface.dir/build.make:62: recipe for target 'CMakeFiles/rotors_gazebo_mavlink_interface.dir/src/gazebo_mavlink_interface.cpp.o' failed
make[2]: *** [CMakeFiles/rotors_gazebo_mavlink_interface.dir/src/gazebo_mavlink_interface.cpp.o] Error 1
CMakeFiles/Makefile2:6951: recipe for target 'CMakeFiles/rotors_gazebo_mavlink_interface.dir/all' failed
make[1]: *** [CMakeFiles/rotors_gazebo_mavlink_interface.dir/all] Error 2
make[1]: *** Waiting for unfinished jobs....
[ 89%] Built target rotors_gazebo_lidar_plugin
[ 90%] [32m[1mLinking CXX shared library /home/asl/catkin_ws_ii/devel/lib/librotors_gazebo_ros_interface_plugin.so[0m
[ 90%] Built target rotors_gazebo_ros_interface_plugin
[ 90%] [32m[1mLinking CXX shared library /home/asl/catkin_ws_ii/devel/lib/librotors_gazebo_template_plugin.so[0m
[ 91%] [32m[1mLinking CXX shared library /home/asl/catkin_ws_ii/devel/lib/librotors_gazebo_template_sensor_plugin.so[0m
[ 91%] Built target rotors_gazebo_template_plugin
[ 91%] Built target rotors_gazebo_template_sensor_plugin
[ 91%] [32m[1mLinking CXX shared library /home/asl/catkin_ws_ii/devel/lib/librotors_gazebo_propulsion_plugin.so[0m
[ 91%] Built target rotors_gazebo_propulsion_plugin
[ 91%] [32m[1mLinking CXX shared library /home/asl/catkin_ws_ii/devel/lib/librotors_gazebo_odometry_plugin.so[0m
[ 92%] [32m[1mLinking CXX shared library /home/asl/catkin_ws_ii/devel/lib/librotors_gazebo_noisydepth_plugin.so[0m
[ 92%] Built target rotors_gazebo_odometry_plugin
[ 92%] Built target rotors_gazebo_noisydepth_plugin
Makefile:140: recipe for target 'all' failed
make: *** [all] Error 2
