[  0%] Built target trajectory_msgs_generate_messages_nodejs
[  0%] Built target actionlib_generate_messages_py
[  0%] Built target tf2_msgs_generate_messages_py
[  0%] Built target actionlib_generate_messages_eus
[  0%] Built target tf_generate_messages_nodejs
[  0%] Built target tf2_msgs_generate_messages_cpp
[  0%] Built target tf_generate_messages_cpp
[  0%] Built target actionlib_msgs_generate_messages_lisp
[  0%] Built target mav_msgs_generate_messages_lisp
[  0%] Built target octomap_msgs_generate_messages_py
[  0%] Built target actionlib_msgs_generate_messages_py
[  0%] Built target mav_msgs_generate_messages_cpp
[  0%] Built target tf_generate_messages_lisp
[  0%] Built target nav_msgs_generate_messages_py
[  0%] Built target nav_msgs_generate_messages_eus
[  0%] Built target bond_generate_messages_nodejs
[  0%] Built target tf_generate_messages_eus
[  0%] Built target tf2_msgs_generate_messages_eus
[  0%] Built target nav_msgs_generate_messages_lisp
[  0%] Built target actionlib_msgs_generate_messages_eus
[  0%] Built target trajectory_msgs_generate_messages_lisp
[  0%] Built target rosgraph_msgs_generate_messages_nodejs
[  0%] Built target rosgraph_msgs_generate_messages_py
[  0%] Built target roscpp_generate_messages_eus
[  0%] Built target nodelet_generate_messages_eus
[  0%] Built target rosgraph_msgs_generate_messages_lisp
[  0%] Built target rosgraph_msgs_generate_messages_eus
[  0%] Built target rosgraph_msgs_generate_messages_cpp
[  0%] Built target std_srvs_generate_messages_lisp
[  0%] Built target _catkin_empty_exported_target
[  0%] Built target roscpp_generate_messages_lisp
[  0%] Built target octomap_msgs_generate_messages_lisp
[  0%] Built target gazebo_msgs_generate_messages_lisp
[  0%] Built target std_srvs_generate_messages_eus
[  0%] Built target roscpp_generate_messages_nodejs
[  0%] Built target bond_generate_messages_lisp
[  0%] Built target sensor_msgs_generate_messages_eus
[  0%] Built target std_msgs_generate_messages_nodejs
[  0%] Built target sensor_msgs_generate_messages_cpp
[  0%] Built target actionlib_generate_messages_lisp
[  0%] Built target dynamic_reconfigure_generate_messages_lisp
[  0%] Built target geometry_msgs_generate_messages_cpp
[  0%] Built target bond_generate_messages_py
[  0%] Built target nodelet_generate_messages_cpp
[  0%] Built target nav_msgs_generate_messages_cpp
[  0%] Built target octomap_msgs_generate_messages_nodejs
[  0%] Built target rotors_comm_generate_messages_nodejs
[  0%] Built target std_srvs_generate_messages_nodejs
[  0%] Built target gazebo_msgs_generate_messages_py
[  0%] Built target gazebo_msgs_generate_messages_eus
[  0%] Built target nodelet_generate_messages_lisp
[  0%] Built target std_msgs_generate_messages_eus
[  0%] Built target std_msgs_generate_messages_py
[  0%] Built target trajectory_msgs_generate_messages_py
[  0%] Built target geometry_msgs_generate_messages_nodejs
[  0%] Built target tf2_msgs_generate_messages_lisp
[  0%] Built target nav_msgs_generate_messages_nodejs
[  0%] Built target actionlib_msgs_generate_messages_nodejs
[  0%] Built target topic_tools_generate_messages_py
[  0%] Built target nodelet_generate_messages_py
[  0%] Built target sensor_msgs_generate_messages_py
[  0%] Built target dynamic_reconfigure_gencfg
[  0%] Built target std_msgs_generate_messages_cpp
[  0%] Built target dynamic_reconfigure_generate_messages_cpp
[  0%] Built target roscpp_generate_messages_py
[  0%] Built target gazebo_plugins_gencfg
[  0%] Built target trajectory_msgs_generate_messages_eus
[  0%] Built target actionlib_generate_messages_cpp
[  0%] Built target geometry_msgs_generate_messages_eus
[  0%] Built target roscpp_generate_messages_cpp
[  0%] Built target nodelet_generate_messages_nodejs
[  0%] Built target geometry_msgs_generate_messages_lisp
[  0%] Built target gazebo_msgs_generate_messages_nodejs
[  0%] Built target std_srvs_generate_messages_py
[  0%] Built target geometry_msgs_generate_messages_py
[  0%] Built target dynamic_reconfigure_generate_messages_eus
[  0%] Built target tf2_msgs_generate_messages_nodejs
[  0%] Built target dynamic_reconfigure_generate_messages_nodejs
[  0%] Built target mav_msgs_generate_messages_eus
[  0%] Built target dynamic_reconfigure_generate_messages_py
[  0%] Built target mav_msgs_generate_messages_py
[  0%] Built target topic_tools_generate_messages_cpp
[  0%] Built target std_msgs_generate_messages_lisp
[  0%] Built target octomap_msgs_generate_messages_cpp
[  0%] Built target sensor_msgs_generate_messages_lisp
[  0%] Built target rotors_comm_generate_messages_eus
[  0%] Built target bond_generate_messages_eus
[  0%] Built target topic_tools_generate_messages_eus
[  0%] Built target tf_generate_messages_py
[  0%] Built target topic_tools_generate_messages_nodejs
[  0%] Built target rotors_comm_generate_messages_cpp
[  0%] Built target rotors_comm_generate_messages_lisp
[  0%] Built target rotors_comm_generate_messages_py
[  0%] Built target actionlib_generate_messages_nodejs
[  0%] Built target octomap_msgs_generate_messages_eus
[  0%] Built target mav_msgs_generate_messages_nodejs
[  0%] Built target sensor_msgs_generate_messages_nodejs
[  0%] Built target topic_tools_generate_messages_lisp
[ 54%] Built target mav_msgs
[ 54%] Built target trajectory_msgs_generate_messages_cpp
[ 54%] Built target actionlib_msgs_generate_messages_cpp
[ 54%] Built target std_srvs_generate_messages_cpp
[ 54%] Built target bond_generate_messages_cpp
[ 54%] Built target gazebo_msgs_generate_messages_cpp
[ 54%] Built target diagnostic_msgs_generate_messages_cpp
[ 54%] Built target diagnostic_msgs_generate_messages_py
[ 54%] Built target uuid_msgs_generate_messages_py
[ 54%] Built target geographic_msgs_generate_messages_py
[ 54%] Built target geographic_msgs_generate_messages_nodejs
[ 54%] Built target mavros_msgs_generate_messages_lisp
[ 54%] Built target diagnostic_msgs_generate_messages_eus
[ 54%] Built target diagnostic_msgs_generate_messages_nodejs
[ 54%] Built target diagnostic_msgs_generate_messages_lisp
[ 54%] Built target geographic_msgs_generate_messages_cpp
[ 54%] Built target geographic_msgs_generate_messages_eus
[ 54%] Built target geographic_msgs_generate_messages_lisp
[ 54%] Built target uuid_msgs_generate_messages_eus
[ 54%] Built target uuid_msgs_generate_messages_cpp
[ 54%] Built target uuid_msgs_generate_messages_lisp
[ 54%] Built target uuid_msgs_generate_messages_nodejs
[ 54%] Built target mavros_msgs_generate_messages_cpp
[ 54%] Built target mavros_msgs_generate_messages_nodejs
[ 54%] Built target mavros_msgs_generate_messages_eus
[ 54%] Built target mavros_msgs_generate_messages_py
[ 56%] Built target rotors_gazebo_gps_plugin
[ 57%] Built target rotors_gazebo_lifting_line_plugin
[ 58%] Built target rotors_gazebo_controller_interface
[ 59%] Built target rotors_gazebo_imu_plugin
[ 60%] Built target rotors_gazebo_springdamper_plugin
[ 61%] Built target rotors_gazebo_imu_s_plugin
[ 64%] Built target rotors_gazebo_ros_interface_plugin
[ 66%] Built target rotors_gazebo_multirotor_base_plugin
[ 66%] Built target rotors_gazebo_tracking_cam_plugin
[ 68%] Built target rotors_gazebo_lidar_plugin
[ 70%] Built target rotors_gazebo_noisydepth_plugin
[ 71%] Built target rotors_gazebo_odometry_plugin
[ 72%] Built target rotors_gazebo_propulsion_plugin
[ 73%] [32mBuilding CXX object CMakeFiles/rotors_gazebo_mavlink_interface.dir/src/gazebo_mavlink_interface.cpp.o[0m
[ 75%] Built target rotors_gazebo_template_plugin
[ 77%] Built target rotors_gazebo_template_sensor_plugin
[ 78%] Built target rotors_gazebo_fw_dynamics_plugin
[ 79%] Built target rotors_gazebo_template_visual_plugin
[ 81%] Built target rotors_gazebo_vane_plugin
[ 83%] Built target rotors_gazebo_wind_plugin
[ 85%] Built target LiftDragPlugin
[ 85%] Built target rotors_gazebo_wind_beta_plugin
[ 89%] Built target rotors_gazebo_pressure_plugin
[ 89%] Built target rotors_gazebo_motor_model
[ 91%] Built target rotors_gazebo_payload_plugin
[ 92%] Built target rotors_gazebo_aerodynamics_plugin
[ 94%] Built target rotors_gazebo_bag_plugin
[ 95%] Built target gazebo_geotagged_images_plugin
[ 96%] Built target rotors_gazebo_magnetometer_plugin
[ 98%] Built target rotors_gazebo_mavlink_interface_tmp
[ 98%] [32m[1mLinking CXX shared library /home/asl/catkin_ws_ii/devel/lib/librotors_gazebo_mavlink_interface.so[0m
[100%] Built target rotors_gazebo_mavlink_interface
