Determining if the pthread_create exist failed with the following output:
Change Dir: /home/asl/catkin_ws_ii/build/rotors_gazebo_plugins/CMakeFiles/CMakeTmp

Run Build Command:"/usr/bin/make" "cmTC_1884f/fast"
/usr/bin/make -f CMakeFiles/cmTC_1884f.dir/build.make CMakeFiles/cmTC_1884f.dir/build
make[1]: Entering directory '/home/asl/catkin_ws_ii/build/rotors_gazebo_plugins/CMakeFiles/CMakeTmp'
Building C object CMakeFiles/cmTC_1884f.dir/CheckSymbolExists.c.o
/usr/bin/cc    -o CMakeFiles/cmTC_1884f.dir/CheckSymbolExists.c.o   -c /home/asl/catkin_ws_ii/build/rotors_gazebo_plugins/CMakeFiles/CMakeTmp/CheckSymbolExists.c
Linking C executable cmTC_1884f
/usr/bin/cmake -E cmake_link_script CMakeFiles/cmTC_1884f.dir/link.txt --verbose=1
/usr/bin/cc      -rdynamic CMakeFiles/cmTC_1884f.dir/CheckSymbolExists.c.o  -o cmTC_1884f 
CMakeFiles/cmTC_1884f.dir/CheckSymbolExists.c.o: In function `main':
CheckSymbolExists.c:(.text+0x1b): undefined reference to `pthread_create'
collect2: error: ld returned 1 exit status
CMakeFiles/cmTC_1884f.dir/build.make:97: recipe for target 'cmTC_1884f' failed
make[1]: *** [cmTC_1884f] Error 1
make[1]: Leaving directory '/home/asl/catkin_ws_ii/build/rotors_gazebo_plugins/CMakeFiles/CMakeTmp'
Makefile:126: recipe for target 'cmTC_1884f/fast' failed
make: *** [cmTC_1884f/fast] Error 2

File /home/asl/catkin_ws_ii/build/rotors_gazebo_plugins/CMakeFiles/CMakeTmp/CheckSymbolExists.c:
/* */
#include <pthread.h>

int main(int argc, char** argv)
{
  (void)argv;
#ifndef pthread_create
  return ((int*)(&pthread_create))[argc];
#else
  (void)argc;
  return 0;
#endif
}

Determining if the function pthread_create exists in the pthreads failed with the following output:
Change Dir: /home/asl/catkin_ws_ii/build/rotors_gazebo_plugins/CMakeFiles/CMakeTmp

Run Build Command:"/usr/bin/make" "cmTC_5405f/fast"
/usr/bin/make -f CMakeFiles/cmTC_5405f.dir/build.make CMakeFiles/cmTC_5405f.dir/build
make[1]: Entering directory '/home/asl/catkin_ws_ii/build/rotors_gazebo_plugins/CMakeFiles/CMakeTmp'
Building C object CMakeFiles/cmTC_5405f.dir/CheckFunctionExists.c.o
/usr/bin/cc   -DCHECK_FUNCTION_EXISTS=pthread_create   -o CMakeFiles/cmTC_5405f.dir/CheckFunctionExists.c.o   -c /usr/share/cmake-3.10/Modules/CheckFunctionExists.c
Linking C executable cmTC_5405f
/usr/bin/cmake -E cmake_link_script CMakeFiles/cmTC_5405f.dir/link.txt --verbose=1
/usr/bin/cc  -DCHECK_FUNCTION_EXISTS=pthread_create    -rdynamic CMakeFiles/cmTC_5405f.dir/CheckFunctionExists.c.o  -o cmTC_5405f -lpthreads 
/usr/bin/ld: cannot find -lpthreads
collect2: error: ld returned 1 exit status
CMakeFiles/cmTC_5405f.dir/build.make:97: recipe for target 'cmTC_5405f' failed
make[1]: *** [cmTC_5405f] Error 1
make[1]: Leaving directory '/home/asl/catkin_ws_ii/build/rotors_gazebo_plugins/CMakeFiles/CMakeTmp'
Makefile:126: recipe for target 'cmTC_5405f/fast' failed
make: *** [cmTC_5405f/fast] Error 2


